running egg_info
creating ../build/line_tracking_race_application/line_tracking_race_application.egg-info
writing ../build/line_tracking_race_application/line_tracking_race_application.egg-info/PKG-INFO
writing dependency_links to ../build/line_tracking_race_application/line_tracking_race_application.egg-info/dependency_links.txt
writing entry points to ../build/line_tracking_race_application/line_tracking_race_application.egg-info/entry_points.txt
writing requirements to ../build/line_tracking_race_application/line_tracking_race_application.egg-info/requires.txt
writing top-level names to ../build/line_tracking_race_application/line_tracking_race_application.egg-info/top_level.txt
writing manifest file '../build/line_tracking_race_application/line_tracking_race_application.egg-info/SOURCES.txt'
reading manifest file '../build/line_tracking_race_application/line_tracking_race_application.egg-info/SOURCES.txt'
writing manifest file '../build/line_tracking_race_application/line_tracking_race_application.egg-info/SOURCES.txt'
running build
running build_py
creating /home/developer/ros2_ws/src/line_tracking_race/build/line_tracking_race_application/build
creating /home/developer/ros2_ws/src/line_tracking_race/build/line_tracking_race_application/build/lib
creating /home/developer/ros2_ws/src/line_tracking_race/build/line_tracking_race_application/build/lib/line_tracking
copying src/line_tracking/visualizer.py -> /home/developer/ros2_ws/src/line_tracking_race/build/line_tracking_race_application/build/lib/line_tracking
copying src/line_tracking/colors.py -> /home/developer/ros2_ws/src/line_tracking_race/build/line_tracking_race_application/build/lib/line_tracking
creating /home/developer/ros2_ws/src/line_tracking_race/build/line_tracking_race_application/build/lib/line_tracking/nodes
copying src/line_tracking/nodes/planner_node.py -> /home/developer/ros2_ws/src/line_tracking_race/build/line_tracking_race_application/build/lib/line_tracking/nodes
copying src/line_tracking/nodes/control_node.py -> /home/developer/ros2_ws/src/line_tracking_race/build/line_tracking_race_application/build/lib/line_tracking/nodes
copying src/line_tracking/nodes/referee_node.py -> /home/developer/ros2_ws/src/line_tracking_race/build/line_tracking_race_application/build/lib/line_tracking/nodes
copying src/line_tracking/nodes/__init__.py -> /home/developer/ros2_ws/src/line_tracking_race/build/line_tracking_race_application/build/lib/line_tracking/nodes
creating /home/developer/ros2_ws/src/line_tracking_race/build/line_tracking_race_application/build/lib/line_tracking/planning_strategies
copying src/line_tracking/planning_strategies/error_type.py -> /home/developer/ros2_ws/src/line_tracking_race/build/line_tracking_race_application/build/lib/line_tracking/planning_strategies
copying src/line_tracking/planning_strategies/centerline_strategy.py -> /home/developer/ros2_ws/src/line_tracking_race/build/line_tracking_race_application/build/lib/line_tracking/planning_strategies
copying src/line_tracking/planning_strategies/centroid_strategy.py -> /home/developer/ros2_ws/src/line_tracking_race/build/line_tracking_race_application/build/lib/line_tracking/planning_strategies
copying src/line_tracking/planning_strategies/__init__.py -> /home/developer/ros2_ws/src/line_tracking_race/build/line_tracking_race_application/build/lib/line_tracking/planning_strategies
running install
running install_lib
creating /home/developer/ros2_ws/src/line_tracking_race/install/line_tracking_race_application/lib/python3.12/site-packages/line_tracking
creating /home/developer/ros2_ws/src/line_tracking_race/install/line_tracking_race_application/lib/python3.12/site-packages/line_tracking/nodes
copying /home/developer/ros2_ws/src/line_tracking_race/build/line_tracking_race_application/build/lib/line_tracking/nodes/planner_node.py -> /home/developer/ros2_ws/src/line_tracking_race/install/line_tracking_race_application/lib/python3.12/site-packages/line_tracking/nodes
copying /home/developer/ros2_ws/src/line_tracking_race/build/line_tracking_race_application/build/lib/line_tracking/nodes/control_node.py -> /home/developer/ros2_ws/src/line_tracking_race/install/line_tracking_race_application/lib/python3.12/site-packages/line_tracking/nodes
copying /home/developer/ros2_ws/src/line_tracking_race/build/line_tracking_race_application/build/lib/line_tracking/nodes/referee_node.py -> /home/developer/ros2_ws/src/line_tracking_race/install/line_tracking_race_application/lib/python3.12/site-packages/line_tracking/nodes
copying /home/developer/ros2_ws/src/line_tracking_race/build/line_tracking_race_application/build/lib/line_tracking/nodes/__init__.py -> /home/developer/ros2_ws/src/line_tracking_race/install/line_tracking_race_application/lib/python3.12/site-packages/line_tracking/nodes
copying /home/developer/ros2_ws/src/line_tracking_race/build/line_tracking_race_application/build/lib/line_tracking/visualizer.py -> /home/developer/ros2_ws/src/line_tracking_race/install/line_tracking_race_application/lib/python3.12/site-packages/line_tracking
creating /home/developer/ros2_ws/src/line_tracking_race/install/line_tracking_race_application/lib/python3.12/site-packages/line_tracking/planning_strategies
copying /home/developer/ros2_ws/src/line_tracking_race/build/line_tracking_race_application/build/lib/line_tracking/planning_strategies/error_type.py -> /home/developer/ros2_ws/src/line_tracking_race/install/line_tracking_race_application/lib/python3.12/site-packages/line_tracking/planning_strategies
copying /home/developer/ros2_ws/src/line_tracking_race/build/line_tracking_race_application/build/lib/line_tracking/planning_strategies/centerline_strategy.py -> /home/developer/ros2_ws/src/line_tracking_race/install/line_tracking_race_application/lib/python3.12/site-packages/line_tracking/planning_strategies
copying /home/developer/ros2_ws/src/line_tracking_race/build/line_tracking_race_application/build/lib/line_tracking/planning_strategies/centroid_strategy.py -> /home/developer/ros2_ws/src/line_tracking_race/install/line_tracking_race_application/lib/python3.12/site-packages/line_tracking/planning_strategies
copying /home/developer/ros2_ws/src/line_tracking_race/build/line_tracking_race_application/build/lib/line_tracking/planning_strategies/__init__.py -> /home/developer/ros2_ws/src/line_tracking_race/install/line_tracking_race_application/lib/python3.12/site-packages/line_tracking/planning_strategies
copying /home/developer/ros2_ws/src/line_tracking_race/build/line_tracking_race_application/build/lib/line_tracking/colors.py -> /home/developer/ros2_ws/src/line_tracking_race/install/line_tracking_race_application/lib/python3.12/site-packages/line_tracking
byte-compiling /home/developer/ros2_ws/src/line_tracking_race/install/line_tracking_race_application/lib/python3.12/site-packages/line_tracking/nodes/planner_node.py to planner_node.cpython-312.pyc
byte-compiling /home/developer/ros2_ws/src/line_tracking_race/install/line_tracking_race_application/lib/python3.12/site-packages/line_tracking/nodes/control_node.py to control_node.cpython-312.pyc
byte-compiling /home/developer/ros2_ws/src/line_tracking_race/install/line_tracking_race_application/lib/python3.12/site-packages/line_tracking/nodes/referee_node.py to referee_node.cpython-312.pyc
byte-compiling /home/developer/ros2_ws/src/line_tracking_race/install/line_tracking_race_application/lib/python3.12/site-packages/line_tracking/nodes/__init__.py to __init__.cpython-312.pyc
byte-compiling /home/developer/ros2_ws/src/line_tracking_race/install/line_tracking_race_application/lib/python3.12/site-packages/line_tracking/visualizer.py to visualizer.cpython-312.pyc
byte-compiling /home/developer/ros2_ws/src/line_tracking_race/install/line_tracking_race_application/lib/python3.12/site-packages/line_tracking/planning_strategies/error_type.py to error_type.cpython-312.pyc
byte-compiling /home/developer/ros2_ws/src/line_tracking_race/install/line_tracking_race_application/lib/python3.12/site-packages/line_tracking/planning_strategies/centerline_strategy.py to centerline_strategy.cpython-312.pyc
byte-compiling /home/developer/ros2_ws/src/line_tracking_race/install/line_tracking_race_application/lib/python3.12/site-packages/line_tracking/planning_strategies/centroid_strategy.py to centroid_strategy.cpython-312.pyc
byte-compiling /home/developer/ros2_ws/src/line_tracking_race/install/line_tracking_race_application/lib/python3.12/site-packages/line_tracking/planning_strategies/__init__.py to __init__.cpython-312.pyc
byte-compiling /home/developer/ros2_ws/src/line_tracking_race/install/line_tracking_race_application/lib/python3.12/site-packages/line_tracking/colors.py to colors.cpython-312.pyc
running install_data
creating /home/developer/ros2_ws/src/line_tracking_race/install/line_tracking_race_application/share/ament_index
creating /home/developer/ros2_ws/src/line_tracking_race/install/line_tracking_race_application/share/ament_index/resource_index
creating /home/developer/ros2_ws/src/line_tracking_race/install/line_tracking_race_application/share/ament_index/resource_index/packages
copying resource/line_tracking_race_application -> /home/developer/ros2_ws/src/line_tracking_race/install/line_tracking_race_application/share/ament_index/resource_index/packages
copying package.xml -> /home/developer/ros2_ws/src/line_tracking_race/install/line_tracking_race_application/share/line_tracking_race_application
creating /home/developer/ros2_ws/src/line_tracking_race/install/line_tracking_race_application/share/line_tracking_race_application/launch
copying launch/referee_launch.py -> /home/developer/ros2_ws/src/line_tracking_race/install/line_tracking_race_application/share/line_tracking_race_application/launch
copying launch/full_launch.py -> /home/developer/ros2_ws/src/line_tracking_race/install/line_tracking_race_application/share/line_tracking_race_application/launch
copying launch/planner_launch.py -> /home/developer/ros2_ws/src/line_tracking_race/install/line_tracking_race_application/share/line_tracking_race_application/launch
copying launch/control_launch.py -> /home/developer/ros2_ws/src/line_tracking_race/install/line_tracking_race_application/share/line_tracking_race_application/launch
creating /home/developer/ros2_ws/src/line_tracking_race/install/line_tracking_race_application/share/line_tracking_race_application/config
copying config/pid_params.yaml -> /home/developer/ros2_ws/src/line_tracking_race/install/line_tracking_race_application/share/line_tracking_race_application/config
copying config/referee_params.yaml -> /home/developer/ros2_ws/src/line_tracking_race/install/line_tracking_race_application/share/line_tracking_race_application/config
running install_egg_info
Copying ../build/line_tracking_race_application/line_tracking_race_application.egg-info to /home/developer/ros2_ws/src/line_tracking_race/install/line_tracking_race_application/lib/python3.12/site-packages/line_tracking_race_application-0.1.0-py3.12.egg-info
running install_scripts
Installing control_node script to /home/developer/ros2_ws/src/line_tracking_race/install/line_tracking_race_application/lib/line_tracking_race_application
Installing planner_node script to /home/developer/ros2_ws/src/line_tracking_race/install/line_tracking_race_application/lib/line_tracking_race_application
Installing referee_node script to /home/developer/ros2_ws/src/line_tracking_race/install/line_tracking_race_application/lib/line_tracking_race_application
writing list of installed files to '/home/developer/ros2_ws/src/line_tracking_race/build/line_tracking_race_application/install.log'
