[0.454s] Invoking command in '/home/developer/ros2_ws/src/line_tracking_race/line_tracking_race_application': PYTHONPATH=/home/developer/ros2_ws/src/line_tracking_race/build/line_tracking_race_application/prefix_override:/usr/lib/python3/dist-packages/colcon_core/task/python/colcon_distutils_commands:/home/developer/ros2_ws/src/line_tracking_race/install/line_tracking_race_application/lib/python3.12/site-packages:${PYTHONPATH} /usr/bin/python3 -W ignore:setup.py install is deprecated -W ignore:easy_install command is deprecated setup.py egg_info --egg-base ../build/line_tracking_race_application build --build-base /home/developer/ros2_ws/src/line_tracking_race/build/line_tracking_race_application/build install --record /home/developer/ros2_ws/src/line_tracking_race/build/line_tracking_race_application/install.log --single-version-externally-managed install_data
[0.608s] running egg_info
[0.609s] creating ../build/line_tracking_race_application/line_tracking_race_application.egg-info
[0.618s] writing ../build/line_tracking_race_application/line_tracking_race_application.egg-info/PKG-INFO
[0.618s] writing dependency_links to ../build/line_tracking_race_application/line_tracking_race_application.egg-info/dependency_links.txt
[0.618s] writing entry points to ../build/line_tracking_race_application/line_tracking_race_application.egg-info/entry_points.txt
[0.618s] writing requirements to ../build/line_tracking_race_application/line_tracking_race_application.egg-info/requires.txt
[0.618s] writing top-level names to ../build/line_tracking_race_application/line_tracking_race_application.egg-info/top_level.txt
[0.619s] writing manifest file '../build/line_tracking_race_application/line_tracking_race_application.egg-info/SOURCES.txt'
[0.637s] reading manifest file '../build/line_tracking_race_application/line_tracking_race_application.egg-info/SOURCES.txt'
[0.638s] writing manifest file '../build/line_tracking_race_application/line_tracking_race_application.egg-info/SOURCES.txt'
[0.638s] running build
[0.638s] running build_py
[0.638s] creating /home/developer/ros2_ws/src/line_tracking_race/build/line_tracking_race_application/build
[0.638s] creating /home/developer/ros2_ws/src/line_tracking_race/build/line_tracking_race_application/build/lib
[0.639s] creating /home/developer/ros2_ws/src/line_tracking_race/build/line_tracking_race_application/build/lib/line_tracking
[0.639s] copying src/line_tracking/visualizer.py -> /home/developer/ros2_ws/src/line_tracking_race/build/line_tracking_race_application/build/lib/line_tracking
[0.639s] copying src/line_tracking/colors.py -> /home/developer/ros2_ws/src/line_tracking_race/build/line_tracking_race_application/build/lib/line_tracking
[0.639s] creating /home/developer/ros2_ws/src/line_tracking_race/build/line_tracking_race_application/build/lib/line_tracking/nodes
[0.639s] copying src/line_tracking/nodes/planner_node.py -> /home/developer/ros2_ws/src/line_tracking_race/build/line_tracking_race_application/build/lib/line_tracking/nodes
[0.639s] copying src/line_tracking/nodes/control_node.py -> /home/developer/ros2_ws/src/line_tracking_race/build/line_tracking_race_application/build/lib/line_tracking/nodes
[0.639s] copying src/line_tracking/nodes/referee_node.py -> /home/developer/ros2_ws/src/line_tracking_race/build/line_tracking_race_application/build/lib/line_tracking/nodes
[0.639s] copying src/line_tracking/nodes/__init__.py -> /home/developer/ros2_ws/src/line_tracking_race/build/line_tracking_race_application/build/lib/line_tracking/nodes
[0.639s] creating /home/developer/ros2_ws/src/line_tracking_race/build/line_tracking_race_application/build/lib/line_tracking/planning_strategies
[0.639s] copying src/line_tracking/planning_strategies/error_type.py -> /home/developer/ros2_ws/src/line_tracking_race/build/line_tracking_race_application/build/lib/line_tracking/planning_strategies
[0.639s] copying src/line_tracking/planning_strategies/centerline_strategy.py -> /home/developer/ros2_ws/src/line_tracking_race/build/line_tracking_race_application/build/lib/line_tracking/planning_strategies
[0.639s] copying src/line_tracking/planning_strategies/centroid_strategy.py -> /home/developer/ros2_ws/src/line_tracking_race/build/line_tracking_race_application/build/lib/line_tracking/planning_strategies
[0.640s] copying src/line_tracking/planning_strategies/__init__.py -> /home/developer/ros2_ws/src/line_tracking_race/build/line_tracking_race_application/build/lib/line_tracking/planning_strategies
[0.640s] running install
[0.643s] running install_lib
[0.652s] creating /home/developer/ros2_ws/src/line_tracking_race/install/line_tracking_race_application/lib/python3.12/site-packages/line_tracking
[0.653s] creating /home/developer/ros2_ws/src/line_tracking_race/install/line_tracking_race_application/lib/python3.12/site-packages/line_tracking/nodes
[0.653s] copying /home/developer/ros2_ws/src/line_tracking_race/build/line_tracking_race_application/build/lib/line_tracking/nodes/planner_node.py -> /home/developer/ros2_ws/src/line_tracking_race/install/line_tracking_race_application/lib/python3.12/site-packages/line_tracking/nodes
[0.653s] copying /home/developer/ros2_ws/src/line_tracking_race/build/line_tracking_race_application/build/lib/line_tracking/nodes/control_node.py -> /home/developer/ros2_ws/src/line_tracking_race/install/line_tracking_race_application/lib/python3.12/site-packages/line_tracking/nodes
[0.653s] copying /home/developer/ros2_ws/src/line_tracking_race/build/line_tracking_race_application/build/lib/line_tracking/nodes/referee_node.py -> /home/developer/ros2_ws/src/line_tracking_race/install/line_tracking_race_application/lib/python3.12/site-packages/line_tracking/nodes
[0.653s] copying /home/developer/ros2_ws/src/line_tracking_race/build/line_tracking_race_application/build/lib/line_tracking/nodes/__init__.py -> /home/developer/ros2_ws/src/line_tracking_race/install/line_tracking_race_application/lib/python3.12/site-packages/line_tracking/nodes
[0.653s] copying /home/developer/ros2_ws/src/line_tracking_race/build/line_tracking_race_application/build/lib/line_tracking/visualizer.py -> /home/developer/ros2_ws/src/line_tracking_race/install/line_tracking_race_application/lib/python3.12/site-packages/line_tracking
[0.653s] creating /home/developer/ros2_ws/src/line_tracking_race/install/line_tracking_race_application/lib/python3.12/site-packages/line_tracking/planning_strategies
[0.653s] copying /home/developer/ros2_ws/src/line_tracking_race/build/line_tracking_race_application/build/lib/line_tracking/planning_strategies/error_type.py -> /home/developer/ros2_ws/src/line_tracking_race/install/line_tracking_race_application/lib/python3.12/site-packages/line_tracking/planning_strategies
[0.653s] copying /home/developer/ros2_ws/src/line_tracking_race/build/line_tracking_race_application/build/lib/line_tracking/planning_strategies/centerline_strategy.py -> /home/developer/ros2_ws/src/line_tracking_race/install/line_tracking_race_application/lib/python3.12/site-packages/line_tracking/planning_strategies
[0.653s] copying /home/developer/ros2_ws/src/line_tracking_race/build/line_tracking_race_application/build/lib/line_tracking/planning_strategies/centroid_strategy.py -> /home/developer/ros2_ws/src/line_tracking_race/install/line_tracking_race_application/lib/python3.12/site-packages/line_tracking/planning_strategies
[0.653s] copying /home/developer/ros2_ws/src/line_tracking_race/build/line_tracking_race_application/build/lib/line_tracking/planning_strategies/__init__.py -> /home/developer/ros2_ws/src/line_tracking_race/install/line_tracking_race_application/lib/python3.12/site-packages/line_tracking/planning_strategies
[0.654s] copying /home/developer/ros2_ws/src/line_tracking_race/build/line_tracking_race_application/build/lib/line_tracking/colors.py -> /home/developer/ros2_ws/src/line_tracking_race/install/line_tracking_race_application/lib/python3.12/site-packages/line_tracking
[0.654s] byte-compiling /home/developer/ros2_ws/src/line_tracking_race/install/line_tracking_race_application/lib/python3.12/site-packages/line_tracking/nodes/planner_node.py to planner_node.cpython-312.pyc
[0.654s] byte-compiling /home/developer/ros2_ws/src/line_tracking_race/install/line_tracking_race_application/lib/python3.12/site-packages/line_tracking/nodes/control_node.py to control_node.cpython-312.pyc
[0.655s] byte-compiling /home/developer/ros2_ws/src/line_tracking_race/install/line_tracking_race_application/lib/python3.12/site-packages/line_tracking/nodes/referee_node.py to referee_node.cpython-312.pyc
[0.656s] byte-compiling /home/developer/ros2_ws/src/line_tracking_race/install/line_tracking_race_application/lib/python3.12/site-packages/line_tracking/nodes/__init__.py to __init__.cpython-312.pyc
[0.656s] byte-compiling /home/developer/ros2_ws/src/line_tracking_race/install/line_tracking_race_application/lib/python3.12/site-packages/line_tracking/visualizer.py to visualizer.cpython-312.pyc
[0.656s] byte-compiling /home/developer/ros2_ws/src/line_tracking_race/install/line_tracking_race_application/lib/python3.12/site-packages/line_tracking/planning_strategies/error_type.py to error_type.cpython-312.pyc
[0.657s] byte-compiling /home/developer/ros2_ws/src/line_tracking_race/install/line_tracking_race_application/lib/python3.12/site-packages/line_tracking/planning_strategies/centerline_strategy.py to centerline_strategy.cpython-312.pyc
[0.657s] byte-compiling /home/developer/ros2_ws/src/line_tracking_race/install/line_tracking_race_application/lib/python3.12/site-packages/line_tracking/planning_strategies/centroid_strategy.py to centroid_strategy.cpython-312.pyc
[0.658s] byte-compiling /home/developer/ros2_ws/src/line_tracking_race/install/line_tracking_race_application/lib/python3.12/site-packages/line_tracking/planning_strategies/__init__.py to __init__.cpython-312.pyc
[0.658s] byte-compiling /home/developer/ros2_ws/src/line_tracking_race/install/line_tracking_race_application/lib/python3.12/site-packages/line_tracking/colors.py to colors.cpython-312.pyc
[0.658s] running install_data
[0.658s] creating /home/developer/ros2_ws/src/line_tracking_race/install/line_tracking_race_application/share/ament_index
[0.658s] creating /home/developer/ros2_ws/src/line_tracking_race/install/line_tracking_race_application/share/ament_index/resource_index
[0.659s] creating /home/developer/ros2_ws/src/line_tracking_race/install/line_tracking_race_application/share/ament_index/resource_index/packages
[0.659s] copying resource/line_tracking_race_application -> /home/developer/ros2_ws/src/line_tracking_race/install/line_tracking_race_application/share/ament_index/resource_index/packages
[0.659s] copying package.xml -> /home/developer/ros2_ws/src/line_tracking_race/install/line_tracking_race_application/share/line_tracking_race_application
[0.659s] creating /home/developer/ros2_ws/src/line_tracking_race/install/line_tracking_race_application/share/line_tracking_race_application/launch
[0.659s] copying launch/referee_launch.py -> /home/developer/ros2_ws/src/line_tracking_race/install/line_tracking_race_application/share/line_tracking_race_application/launch
[0.659s] copying launch/full_launch.py -> /home/developer/ros2_ws/src/line_tracking_race/install/line_tracking_race_application/share/line_tracking_race_application/launch
[0.659s] copying launch/planner_launch.py -> /home/developer/ros2_ws/src/line_tracking_race/install/line_tracking_race_application/share/line_tracking_race_application/launch
[0.659s] copying launch/control_launch.py -> /home/developer/ros2_ws/src/line_tracking_race/install/line_tracking_race_application/share/line_tracking_race_application/launch
[0.659s] creating /home/developer/ros2_ws/src/line_tracking_race/install/line_tracking_race_application/share/line_tracking_race_application/config
[0.659s] copying config/pid_params.yaml -> /home/developer/ros2_ws/src/line_tracking_race/install/line_tracking_race_application/share/line_tracking_race_application/config
[0.659s] copying config/referee_params.yaml -> /home/developer/ros2_ws/src/line_tracking_race/install/line_tracking_race_application/share/line_tracking_race_application/config
[0.659s] running install_egg_info
[0.669s] Copying ../build/line_tracking_race_application/line_tracking_race_application.egg-info to /home/developer/ros2_ws/src/line_tracking_race/install/line_tracking_race_application/lib/python3.12/site-packages/line_tracking_race_application-0.1.0-py3.12.egg-info
[0.670s] running install_scripts
[0.740s] Installing control_node script to /home/developer/ros2_ws/src/line_tracking_race/install/line_tracking_race_application/lib/line_tracking_race_application
[0.740s] Installing planner_node script to /home/developer/ros2_ws/src/line_tracking_race/install/line_tracking_race_application/lib/line_tracking_race_application
[0.741s] Installing referee_node script to /home/developer/ros2_ws/src/line_tracking_race/install/line_tracking_race_application/lib/line_tracking_race_application
[0.741s] writing list of installed files to '/home/developer/ros2_ws/src/line_tracking_race/build/line_tracking_race_application/install.log'
[0.758s] Invoked command in '/home/developer/ros2_ws/src/line_tracking_race/line_tracking_race_application' returned '0': PYTHONPATH=/home/developer/ros2_ws/src/line_tracking_race/build/line_tracking_race_application/prefix_override:/usr/lib/python3/dist-packages/colcon_core/task/python/colcon_distutils_commands:/home/developer/ros2_ws/src/line_tracking_race/install/line_tracking_race_application/lib/python3.12/site-packages:${PYTHONPATH} /usr/bin/python3 -W ignore:setup.py install is deprecated -W ignore:easy_install command is deprecated setup.py egg_info --egg-base ../build/line_tracking_race_application build --build-base /home/developer/ros2_ws/src/line_tracking_race/build/line_tracking_race_application/build install --record /home/developer/ros2_ws/src/line_tracking_race/build/line_tracking_race_application/install.log --single-version-externally-managed install_data
