[0.006s] Invoking command in '/home/developer/ros2_ws/src/line_tracking_race/build/line_tracking_race_gazebo': AMENT_PREFIX_PATH=/home/developer/ros2_ws/src/line_tracking_race/install/line_tracking_race_description:${AMENT_PREFIX_PATH} CMAKE_PREFIX_PATH=/home/developer/ros2_ws/src/line_tracking_race/install/line_tracking_race_description:/home/developer/ros2_ws/install/line_tracking_race_bringup:/home/developer/ros2_ws/install/line_tracking_race_gazebo:/home/developer/ros2_ws/install/line_tracking_race_description:/home/developer/ros2_ws/install/line_tracking_race_application:/opt/ros/jazzy/opt/gz_sim_vendor:/opt/ros/jazzy/opt/gz_sensors_vendor:/opt/ros/jazzy/opt/gz_physics_vendor:/opt/ros/jazzy/opt/sdformat_vendor:/opt/ros/jazzy/opt/gz_gui_vendor:/opt/ros/jazzy/opt/gz_transport_vendor:/opt/ros/jazzy/opt/gz_rendering_vendor:/opt/ros/jazzy/opt/gz_plugin_vendor:/opt/ros/jazzy/opt/gz_fuel_tools_vendor:/opt/ros/jazzy/opt/gz_msgs_vendor:/opt/ros/jazzy/opt/gz_common_vendor:/opt/ros/jazzy/opt/gz_math_vendor:/opt/ros/jazzy/opt/gz_utils_vendor:/opt/ros/jazzy/opt/gz_tools_vendor:/opt/ros/jazzy/opt/gz_ogre_next_vendor:/opt/ros/jazzy/opt/gz_dartsim_vendor:/opt/ros/jazzy/opt/gz_cmake_vendor:/home/developer/ros2_ws/install/dapozzo_line_tracking:/opt/ros/jazzy GZ_SIM_RESOURCE_PATH=/home/developer/ros2_ws/src/line_tracking_race/install/line_tracking_race_description/share/line_tracking_race_description/models:${GZ_SIM_RESOURCE_PATH} /usr/bin/cmake /home/developer/ros2_ws/src/line_tracking_race/line_tracking_race_gazebo -DCMAKE_INSTALL_PREFIX=/home/developer/ros2_ws/src/line_tracking_race/install/line_tracking_race_gazebo
[0.048s] -- The C compiler identification is GNU 13.3.0
[0.086s] -- The CXX compiler identification is GNU 13.3.0
[0.099s] -- Detecting C compiler ABI info
[0.169s] -- Detecting C compiler ABI info - done
[0.175s] -- Check for working C compiler: /usr/bin/cc - skipped
[0.175s] -- Detecting C compile features
[0.175s] -- Detecting C compile features - done
[0.181s] -- Detecting CXX compiler ABI info
[0.264s] -- Detecting CXX compiler ABI info - done
[0.271s] -- Check for working CXX compiler: /usr/bin/c++ - skipped
[0.271s] -- Detecting CXX compile features
[0.271s] -- Detecting CXX compile features - done
[0.274s] -- Found ament_cmake: 2.5.4 (/opt/ros/jazzy/share/ament_cmake/cmake)
[0.379s] -- Found Python3: /usr/bin/python3 (found version "3.12.3") found components: Interpreter 
[0.461s] -- Found line_tracking_race_description: 0.0.0 (/home/developer/ros2_ws/src/line_tracking_race/install/line_tracking_race_description/share/line_tracking_race_description/cmake)
[0.473s] -- Looking for gz-plugin2 -- found version 2.0.4
[0.473s] -- Searching for dependencies of gz-plugin2
[0.475s] -- Looking for gz-utils2 -- found version 2.2.1
[0.475s] -- Searching for dependencies of gz-utils2
[0.476s] -- Searching for <gz-utils2> component [cli]
[0.477s] -- Looking for gz-utils2-cli -- found version 2.2.1
[0.477s] -- Searching for dependencies of gz-utils2-cli
[0.478s] -- Searching for <gz-plugin2> component [register]
[0.479s] -- Looking for gz-plugin2-register -- found version 2.0.4
[0.479s] -- Searching for dependencies of gz-plugin2-register
[0.481s] -- Looking for gz-common5 -- found version 5.7.1
[0.481s] -- Searching for dependencies of gz-common5
[0.481s] -- Looking for gz-utils2 -- found version 2.2.1
[0.484s] -- Looking for dlfcn.h - found
[0.489s] -- Looking for libdl - found
[0.490s] -- Found DL: TRUE  
[0.496s] -- Checking for module 'uuid'
[0.514s] --   Found uuid, version 2.39.3
[0.544s] -- Found UUID: TRUE  
[0.545s] -- Searching for <gz-common5> component [profiler]
[0.546s] -- Looking for gz-common5-profiler -- found version 5.7.1
[0.547s] -- Searching for dependencies of gz-common5-profiler
[0.553s] -- Looking for gz-sim8 -- found version 8.9.0
[0.553s] -- Searching for dependencies of gz-sim8
[0.554s] -- Looking for sdformat14 -- found version 14.7.0
[0.554s] -- Searching for dependencies of sdformat14
[0.559s] -- Checking for module 'tinyxml2'
[0.573s] --   Found tinyxml2, version 10.0.0
[0.604s] -- Looking for gz-math7 -- found version 7.5.2
[0.604s] -- Searching for dependencies of gz-math7
[0.605s] -- Looking for gz-utils2 -- found version 2.2.1
[0.606s] -- Looking for gz-utils2 -- found version 2.2.1
[0.607s] -- Looking for gz-plugin2 -- found version 2.0.4
[0.607s] -- Searching for dependencies of gz-plugin2
[0.607s] -- Looking for gz-utils2 -- found version 2.2.1
[0.607s] -- Searching for <gz-plugin2> component [loader]
[0.608s] -- Looking for gz-plugin2-loader -- found version 2.0.4
[0.609s] -- Searching for dependencies of gz-plugin2-loader
[0.609s] -- Searching for <gz-plugin2> component [register]
[0.610s] -- Looking for gz-transport13 -- found version 13.4.1
[0.610s] -- Searching for dependencies of gz-transport13
[0.720s] -- Found Protobuf: /usr/lib/x86_64-linux-gnu/libprotobuf.so (found version "3.21.12") 
[0.731s] -- Config-file not installed for ZeroMQ -- checking for pkg-config
[0.736s] -- Checking for module 'libzmq >= 4'
[0.750s] --   Found libzmq, version 4.3.5
[0.791s] -- Found ZeroMQ: TRUE (Required is at least version "4") 
[0.798s] -- Looking for gz-utils2 -- found version 2.2.1
[0.801s] -- Looking for gz-msgs10 -- found version 10.3.2
[0.801s] -- Searching for dependencies of gz-msgs10
[0.821s] -- Looking for gz-utils2 -- found version 2.2.1
[0.821s] -- Looking for gz-math7 -- found version 7.5.2
[0.830s] -- Searching for <gz-transport13> component [log]
[0.832s] -- Looking for gz-transport13-log -- found version 13.4.1
[0.832s] -- Searching for dependencies of gz-transport13-log
[0.832s] -- Searching for <gz-transport13> component [parameters]
[0.833s] -- Looking for gz-transport13-parameters -- found version 13.4.1
[0.833s] -- Searching for dependencies of gz-transport13-parameters
[0.834s] -- Looking for gz-msgs10 -- found version 10.3.2
[0.834s] -- Looking for gz-common5 -- found version 5.7.1
[0.834s] -- Searching for dependencies of gz-common5
[0.835s] -- Looking for gz-utils2 -- found version 2.2.1
[0.835s] -- Looking for dlfcn.h - found
[0.835s] -- Looking for libdl - found
[0.841s] -- Searching for <gz-common5> component [av]
[0.843s] -- Looking for gz-common5-av -- found version 5.7.1
[0.843s] -- Searching for dependencies of gz-common5-av
[0.849s] -- Checking for module 'libswscale'
[0.863s] --   Found libswscale, version 7.5.100
[0.896s] -- Found SWSCALE: TRUE  
[0.900s] -- Checking for module 'libavdevice >= 56.4.100'
[0.913s] --   Found libavdevice, version 60.3.100
[0.952s] -- Found AVDEVICE: TRUE (Required is at least version "56.4.100") 
[0.957s] -- Checking for module 'libavformat'
[0.969s] --   Found libavformat, version 60.16.100
[1.004s] -- Found AVFORMAT: TRUE  
[1.010s] -- Checking for module 'libavcodec'
[1.023s] --   Found libavcodec, version 60.31.102
[1.055s] -- Found AVCODEC: TRUE  
[1.060s] -- Checking for module 'libavutil'
[1.072s] --   Found libavutil, version 58.29.100
[1.103s] -- Found AVUTIL: TRUE  
[1.104s] -- Searching for <gz-common5> component [events]
[1.106s] -- Looking for gz-common5-events -- found version 5.7.1
[1.106s] -- Searching for dependencies of gz-common5-events
[1.106s] -- Looking for gz-math7 -- found version 7.5.2
[1.107s] -- Searching for <gz-common5> component [graphics]
[1.108s] -- Looking for gz-common5-graphics -- found version 5.7.1
[1.108s] -- Searching for dependencies of gz-common5-graphics
[1.108s] -- Looking for gz-math7 -- found version 7.5.2
[1.113s] -- Found GzAssimp: TRUE (found version "5.3.0") 
[1.113s] -- Searching for <gz-common5> component [io]
[1.116s] -- Looking for gz-common5-io -- found version 5.7.1
[1.116s] -- Searching for dependencies of gz-common5-io
[1.117s] -- Searching for <gz-common5> component [profiler]
[1.119s] -- Looking for gz-fuel_tools9 -- found version 9.1.1
[1.119s] -- Searching for dependencies of gz-fuel_tools9
[1.189s] -- Found CURL: /usr/lib/x86_64-linux-gnu/libcurl.so (found version "8.5.0")  
[1.198s] -- Checking for module 'jsoncpp'
[1.210s] --   Found jsoncpp, version 1.9.5
[1.238s] -- Found JSONCPP: TRUE  
[1.252s] -- Checking for module 'yaml-0.1'
[1.264s] --   Found yaml-0.1, version 0.2.5
[1.293s] -- Found YAML: TRUE  
[1.297s] -- Checking for module 'libzip'
[1.309s] --   Found libzip, version 1.7.3
[1.337s] -- Found ZIP: TRUE  
[1.337s] -- Looking for gz-utils2 -- found version 2.2.1
[1.338s] -- Looking for gz-common5 -- found version 5.7.1
[1.338s] -- Searching for dependencies of gz-common5
[1.339s] -- Looking for gz-utils2 -- found version 2.2.1
[1.339s] -- Looking for dlfcn.h - found
[1.339s] -- Looking for libdl - found
[1.344s] -- Searching for <gz-common5> component [testing]
[1.346s] -- Looking for gz-common5-testing -- found version 5.7.1
[1.346s] -- Searching for dependencies of gz-common5-testing
[1.347s] -- Looking for gz-math7 -- found version 7.5.2
[1.347s] -- Looking for gz-msgs10 -- found version 10.3.2
[1.349s] -- Looking for gz-gui8 -- found version 8.4.0
[1.349s] -- Searching for dependencies of gz-gui8
[1.367s] -- Looking for gz-utils2 -- found version 2.2.1
[1.368s] -- Looking for gz-math7 -- found version 7.5.2
[1.368s] -- Looking for gz-common5 -- found version 5.7.1
[1.368s] -- Looking for gz-plugin2 -- found version 2.0.4
[1.368s] -- Looking for gz-transport13 -- found version 13.4.1
[1.370s] -- Looking for gz-rendering8 -- found version 8.2.2
[1.370s] -- Searching for dependencies of gz-rendering8
[1.370s] -- Looking for gz-math7 -- found version 7.5.2
[1.370s] -- Searching for dependencies of gz-math7
[1.371s] -- Looking for gz-utils2 -- found version 2.2.1
[1.371s] -- Searching for <gz-math7> component [eigen3]
[1.372s] -- Looking for gz-math7-eigen3 -- found version 7.5.2
[1.372s] -- Searching for dependencies of gz-math7-eigen3
[1.380s] -- Looking for gz-common5 -- found version 5.7.1
[1.380s] -- Searching for dependencies of gz-common5
[1.380s] -- Looking for gz-utils2 -- found version 2.2.1
[1.380s] -- Looking for dlfcn.h - found
[1.380s] -- Looking for libdl - found
[1.385s] -- Searching for <gz-common5> component [graphics]
[1.385s] -- Searching for <gz-common5> component [events]
[1.385s] -- Searching for <gz-common5> component [geospatial]
[1.386s] -- Looking for gz-common5-geospatial -- found version 5.7.1
[1.386s] -- Searching for dependencies of gz-common5-geospatial
[1.386s] -- Looking for gz-math7 -- found version 7.5.2
[1.387s] -- Looking for gz-common5 -- found version 5.7.1
[1.388s] -- Looking for gz-plugin2 -- found version 2.0.4
[1.388s] -- Searching for dependencies of gz-plugin2
[1.388s] -- Looking for gz-utils2 -- found version 2.2.1
[1.388s] -- Searching for <gz-plugin2> component [all]
[1.389s] -- Looking for all libraries of gz-plugin2 -- found version 2.0.4
[1.390s] -- Looking for gz-plugin2 -- found version 2.0.4
[1.390s] -- Looking for gz-utils2 -- found version 2.2.1
[1.399s] -- Found OpenGL: /usr/lib/x86_64-linux-gnu/libOpenGL.so  found components: OpenGL 
[1.400s] -- Looking for gz-msgs10 -- found version 10.3.2
[1.424s] -- Looking for gz-physics7 -- found version 7.5.0
[1.424s] -- Searching for dependencies of gz-physics7
[1.424s] -- Looking for gz-common5 -- found version 5.7.1
[1.424s] -- Looking for gz-math7 -- found version 7.5.2
[1.424s] -- Looking for gz-plugin2 -- found version 2.0.4
[1.425s] -- Looking for gz-utils2 -- found version 2.2.1
[1.425s] -- Searching for <gz-physics7> component [heightmap]
[1.427s] -- Looking for gz-physics7-heightmap -- found version 7.5.0
[1.427s] -- Searching for dependencies of gz-physics7-heightmap
[1.427s] -- Looking for gz-common5 -- found version 5.7.1
[1.427s] -- Searching for <gz-physics7> component [mesh]
[1.428s] -- Looking for gz-physics7-mesh -- found version 7.5.0
[1.428s] -- Searching for dependencies of gz-physics7-mesh
[1.428s] -- Looking for gz-common5 -- found version 5.7.1
[1.429s] -- Searching for <gz-physics7> component [sdf]
[1.430s] -- Looking for gz-physics7-sdf -- found version 7.5.0
[1.430s] -- Searching for dependencies of gz-physics7-sdf
[1.430s] -- Looking for sdformat14 -- found version 14.7.0
[1.432s] -- Looking for gz-sensors8 -- found version 8.2.2
[1.432s] -- Searching for dependencies of gz-sensors8
[1.447s] -- Looking for gz-math7 -- found version 7.5.2
[1.447s] -- Looking for gz-common5 -- found version 5.7.1
[1.448s] -- Looking for gz-transport13 -- found version 13.4.1
[1.448s] -- Looking for gz-rendering8 -- found version 8.2.2
[1.448s] -- Looking for gz-msgs10 -- found version 10.3.2
[1.449s] -- Looking for sdformat14 -- found version 14.7.0
[1.450s] -- Searching for <gz-sensors8> component [air_pressure]
[1.451s] -- Looking for gz-sensors8-air_pressure -- found version 8.2.2
[1.451s] -- Searching for dependencies of gz-sensors8-air_pressure
[1.451s] -- Searching for <gz-sensors8> component [air_speed]
[1.453s] -- Looking for gz-sensors8-air_speed -- found version 8.2.2
[1.453s] -- Searching for dependencies of gz-sensors8-air_speed
[1.453s] -- Searching for <gz-sensors8> component [altimeter]
[1.454s] -- Looking for gz-sensors8-altimeter -- found version 8.2.2
[1.454s] -- Searching for dependencies of gz-sensors8-altimeter
[1.455s] -- Searching for <gz-sensors8> component [imu]
[1.456s] -- Looking for gz-sensors8-imu -- found version 8.2.2
[1.456s] -- Searching for dependencies of gz-sensors8-imu
[1.457s] -- Searching for <gz-sensors8> component [force_torque]
[1.458s] -- Looking for gz-sensors8-force_torque -- found version 8.2.2
[1.458s] -- Searching for dependencies of gz-sensors8-force_torque
[1.458s] -- Searching for <gz-sensors8> component [logical_camera]
[1.459s] -- Looking for gz-sensors8-logical_camera -- found version 8.2.2
[1.459s] -- Searching for dependencies of gz-sensors8-logical_camera
[1.460s] -- Searching for <gz-sensors8> component [magnetometer]
[1.461s] -- Looking for gz-sensors8-magnetometer -- found version 8.2.2
[1.461s] -- Searching for dependencies of gz-sensors8-magnetometer
[1.461s] -- Searching for <gz-sensors8> component [navsat]
[1.462s] -- Looking for gz-sensors8-navsat -- found version 8.2.2
[1.462s] -- Searching for dependencies of gz-sensors8-navsat
[1.463s] -- Searching for <gz-sensors8> component [dvl]
[1.464s] -- Looking for gz-sensors8-dvl -- found version 8.2.2
[1.464s] -- Searching for dependencies of gz-sensors8-dvl
[1.464s] -- Looking for gz-sensors8 -- found version 8.2.2
[1.464s] -- Searching for dependencies of gz-sensors8
[1.478s] -- Looking for gz-math7 -- found version 7.5.2
[1.479s] -- Looking for gz-common5 -- found version 5.7.1
[1.479s] -- Looking for gz-transport13 -- found version 13.4.1
[1.479s] -- Looking for gz-rendering8 -- found version 8.2.2
[1.479s] -- Looking for gz-msgs10 -- found version 10.3.2
[1.480s] -- Looking for sdformat14 -- found version 14.7.0
[1.480s] -- Searching for <gz-sensors8> component [rendering]
[1.481s] -- Looking for gz-sensors8-rendering -- found version 8.2.2
[1.481s] -- Searching for dependencies of gz-sensors8-rendering
[1.482s] -- Searching for <gz-sensors8> component [rendering]
[1.482s] -- Searching for <gz-sensors8> component [lidar]
[1.483s] -- Looking for gz-sensors8-lidar -- found version 8.2.2
[1.483s] -- Searching for dependencies of gz-sensors8-lidar
[1.483s] -- Looking for gz-sensors8 -- found version 8.2.2
[1.484s] -- Searching for <gz-sensors8> component [gpu_lidar]
[1.484s] -- Looking for gz-sensors8-gpu_lidar -- found version 8.2.2
[1.485s] -- Searching for dependencies of gz-sensors8-gpu_lidar
[1.485s] -- Looking for gz-sensors8 -- found version 8.2.2
[1.485s] -- Searching for <gz-sensors8> component [camera]
[1.486s] -- Looking for gz-sensors8-camera -- found version 8.2.2
[1.486s] -- Searching for dependencies of gz-sensors8-camera
[1.487s] -- Looking for gz-sensors8 -- found version 8.2.2
[1.487s] -- Searching for <gz-sensors8> component [boundingbox_camera]
[1.488s] -- Looking for gz-sensors8-boundingbox_camera -- found version 8.2.2
[1.488s] -- Searching for dependencies of gz-sensors8-boundingbox_camera
[1.489s] -- Searching for <gz-sensors8> component [segmentation_camera]
[1.490s] -- Looking for gz-sensors8-segmentation_camera -- found version 8.2.2
[1.490s] -- Searching for dependencies of gz-sensors8-segmentation_camera
[1.490s] -- Searching for <gz-sensors8> component [depth_camera]
[1.491s] -- Looking for gz-sensors8-depth_camera -- found version 8.2.2
[1.491s] -- Searching for dependencies of gz-sensors8-depth_camera
[1.492s] -- Looking for gz-sensors8 -- found version 8.2.2
[1.492s] -- Searching for <gz-sensors8> component [rgbd_camera]
[1.493s] -- Looking for gz-sensors8-rgbd_camera -- found version 8.2.2
[1.493s] -- Searching for dependencies of gz-sensors8-rgbd_camera
[1.493s] -- Looking for gz-sensors8 -- found version 8.2.2
[1.494s] -- Searching for <gz-sensors8> component [thermal_camera]
[1.495s] -- Looking for gz-sensors8-thermal_camera -- found version 8.2.2
[1.495s] -- Searching for dependencies of gz-sensors8-thermal_camera
[1.495s] -- Looking for gz-sensors8 -- found version 8.2.2
[1.496s] -- Searching for <gz-sensors8> component [wide_angle_camera]
[1.497s] -- Looking for gz-sensors8-wide_angle_camera -- found version 8.2.2
[1.497s] -- Searching for dependencies of gz-sensors8-wide_angle_camera
[1.498s] -- Looking for gz-rendering8 -- found version 8.2.2
[1.498s] -- Looking for gz-math7 -- found version 7.5.2
[1.498s] -- Looking for gz-utils2 -- found version 2.2.1
[1.515s] -- Compiling against Gazebo Harmonic
[1.518s] -- Found ament_lint_auto: 0.17.2 (/opt/ros/jazzy/share/ament_lint_auto/cmake)
[1.575s] -- Configuring done (1.6s)
[1.578s] -- Generating done (0.0s)
[1.579s] -- Build files have been written to: /home/developer/ros2_ws/src/line_tracking_race/build/line_tracking_race_gazebo
[1.586s] Invoked command in '/home/developer/ros2_ws/src/line_tracking_race/build/line_tracking_race_gazebo' returned '0': AMENT_PREFIX_PATH=/home/developer/ros2_ws/src/line_tracking_race/install/line_tracking_race_description:${AMENT_PREFIX_PATH} CMAKE_PREFIX_PATH=/home/developer/ros2_ws/src/line_tracking_race/install/line_tracking_race_description:/home/developer/ros2_ws/install/line_tracking_race_bringup:/home/developer/ros2_ws/install/line_tracking_race_gazebo:/home/developer/ros2_ws/install/line_tracking_race_description:/home/developer/ros2_ws/install/line_tracking_race_application:/opt/ros/jazzy/opt/gz_sim_vendor:/opt/ros/jazzy/opt/gz_sensors_vendor:/opt/ros/jazzy/opt/gz_physics_vendor:/opt/ros/jazzy/opt/sdformat_vendor:/opt/ros/jazzy/opt/gz_gui_vendor:/opt/ros/jazzy/opt/gz_transport_vendor:/opt/ros/jazzy/opt/gz_rendering_vendor:/opt/ros/jazzy/opt/gz_plugin_vendor:/opt/ros/jazzy/opt/gz_fuel_tools_vendor:/opt/ros/jazzy/opt/gz_msgs_vendor:/opt/ros/jazzy/opt/gz_common_vendor:/opt/ros/jazzy/opt/gz_math_vendor:/opt/ros/jazzy/opt/gz_utils_vendor:/opt/ros/jazzy/opt/gz_tools_vendor:/opt/ros/jazzy/opt/gz_ogre_next_vendor:/opt/ros/jazzy/opt/gz_dartsim_vendor:/opt/ros/jazzy/opt/gz_cmake_vendor:/home/developer/ros2_ws/install/dapozzo_line_tracking:/opt/ros/jazzy GZ_SIM_RESOURCE_PATH=/home/developer/ros2_ws/src/line_tracking_race/install/line_tracking_race_description/share/line_tracking_race_description/models:${GZ_SIM_RESOURCE_PATH} /usr/bin/cmake /home/developer/ros2_ws/src/line_tracking_race/line_tracking_race_gazebo -DCMAKE_INSTALL_PREFIX=/home/developer/ros2_ws/src/line_tracking_race/install/line_tracking_race_gazebo
[1.586s] Invoking command in '/home/developer/ros2_ws/src/line_tracking_race/build/line_tracking_race_gazebo': AMENT_PREFIX_PATH=/home/developer/ros2_ws/src/line_tracking_race/install/line_tracking_race_description:${AMENT_PREFIX_PATH} CMAKE_PREFIX_PATH=/home/developer/ros2_ws/src/line_tracking_race/install/line_tracking_race_description:/home/developer/ros2_ws/install/line_tracking_race_bringup:/home/developer/ros2_ws/install/line_tracking_race_gazebo:/home/developer/ros2_ws/install/line_tracking_race_description:/home/developer/ros2_ws/install/line_tracking_race_application:/opt/ros/jazzy/opt/gz_sim_vendor:/opt/ros/jazzy/opt/gz_sensors_vendor:/opt/ros/jazzy/opt/gz_physics_vendor:/opt/ros/jazzy/opt/sdformat_vendor:/opt/ros/jazzy/opt/gz_gui_vendor:/opt/ros/jazzy/opt/gz_transport_vendor:/opt/ros/jazzy/opt/gz_rendering_vendor:/opt/ros/jazzy/opt/gz_plugin_vendor:/opt/ros/jazzy/opt/gz_fuel_tools_vendor:/opt/ros/jazzy/opt/gz_msgs_vendor:/opt/ros/jazzy/opt/gz_common_vendor:/opt/ros/jazzy/opt/gz_math_vendor:/opt/ros/jazzy/opt/gz_utils_vendor:/opt/ros/jazzy/opt/gz_tools_vendor:/opt/ros/jazzy/opt/gz_ogre_next_vendor:/opt/ros/jazzy/opt/gz_dartsim_vendor:/opt/ros/jazzy/opt/gz_cmake_vendor:/home/developer/ros2_ws/install/dapozzo_line_tracking:/opt/ros/jazzy GZ_SIM_RESOURCE_PATH=/home/developer/ros2_ws/src/line_tracking_race/install/line_tracking_race_description/share/line_tracking_race_description/models:${GZ_SIM_RESOURCE_PATH} /usr/bin/cmake --build /home/developer/ros2_ws/src/line_tracking_race/build/line_tracking_race_gazebo -- -j22 -l22
[1.624s] Invoked command in '/home/developer/ros2_ws/src/line_tracking_race/build/line_tracking_race_gazebo' returned '0': AMENT_PREFIX_PATH=/home/developer/ros2_ws/src/line_tracking_race/install/line_tracking_race_description:${AMENT_PREFIX_PATH} CMAKE_PREFIX_PATH=/home/developer/ros2_ws/src/line_tracking_race/install/line_tracking_race_description:/home/developer/ros2_ws/install/line_tracking_race_bringup:/home/developer/ros2_ws/install/line_tracking_race_gazebo:/home/developer/ros2_ws/install/line_tracking_race_description:/home/developer/ros2_ws/install/line_tracking_race_application:/opt/ros/jazzy/opt/gz_sim_vendor:/opt/ros/jazzy/opt/gz_sensors_vendor:/opt/ros/jazzy/opt/gz_physics_vendor:/opt/ros/jazzy/opt/sdformat_vendor:/opt/ros/jazzy/opt/gz_gui_vendor:/opt/ros/jazzy/opt/gz_transport_vendor:/opt/ros/jazzy/opt/gz_rendering_vendor:/opt/ros/jazzy/opt/gz_plugin_vendor:/opt/ros/jazzy/opt/gz_fuel_tools_vendor:/opt/ros/jazzy/opt/gz_msgs_vendor:/opt/ros/jazzy/opt/gz_common_vendor:/opt/ros/jazzy/opt/gz_math_vendor:/opt/ros/jazzy/opt/gz_utils_vendor:/opt/ros/jazzy/opt/gz_tools_vendor:/opt/ros/jazzy/opt/gz_ogre_next_vendor:/opt/ros/jazzy/opt/gz_dartsim_vendor:/opt/ros/jazzy/opt/gz_cmake_vendor:/home/developer/ros2_ws/install/dapozzo_line_tracking:/opt/ros/jazzy GZ_SIM_RESOURCE_PATH=/home/developer/ros2_ws/src/line_tracking_race/install/line_tracking_race_description/share/line_tracking_race_description/models:${GZ_SIM_RESOURCE_PATH} /usr/bin/cmake --build /home/developer/ros2_ws/src/line_tracking_race/build/line_tracking_race_gazebo -- -j22 -l22
[1.625s] Invoking command in '/home/developer/ros2_ws/src/line_tracking_race/build/line_tracking_race_gazebo': AMENT_PREFIX_PATH=/home/developer/ros2_ws/src/line_tracking_race/install/line_tracking_race_description:${AMENT_PREFIX_PATH} CMAKE_PREFIX_PATH=/home/developer/ros2_ws/src/line_tracking_race/install/line_tracking_race_description:/home/developer/ros2_ws/install/line_tracking_race_bringup:/home/developer/ros2_ws/install/line_tracking_race_gazebo:/home/developer/ros2_ws/install/line_tracking_race_description:/home/developer/ros2_ws/install/line_tracking_race_application:/opt/ros/jazzy/opt/gz_sim_vendor:/opt/ros/jazzy/opt/gz_sensors_vendor:/opt/ros/jazzy/opt/gz_physics_vendor:/opt/ros/jazzy/opt/sdformat_vendor:/opt/ros/jazzy/opt/gz_gui_vendor:/opt/ros/jazzy/opt/gz_transport_vendor:/opt/ros/jazzy/opt/gz_rendering_vendor:/opt/ros/jazzy/opt/gz_plugin_vendor:/opt/ros/jazzy/opt/gz_fuel_tools_vendor:/opt/ros/jazzy/opt/gz_msgs_vendor:/opt/ros/jazzy/opt/gz_common_vendor:/opt/ros/jazzy/opt/gz_math_vendor:/opt/ros/jazzy/opt/gz_utils_vendor:/opt/ros/jazzy/opt/gz_tools_vendor:/opt/ros/jazzy/opt/gz_ogre_next_vendor:/opt/ros/jazzy/opt/gz_dartsim_vendor:/opt/ros/jazzy/opt/gz_cmake_vendor:/home/developer/ros2_ws/install/dapozzo_line_tracking:/opt/ros/jazzy GZ_SIM_RESOURCE_PATH=/home/developer/ros2_ws/src/line_tracking_race/install/line_tracking_race_description/share/line_tracking_race_description/models:${GZ_SIM_RESOURCE_PATH} /usr/bin/cmake --install /home/developer/ros2_ws/src/line_tracking_race/build/line_tracking_race_gazebo
[1.632s] -- Install configuration: ""
[1.632s] -- Installing: /home/developer/ros2_ws/src/line_tracking_race/install/line_tracking_race_gazebo/share/line_tracking_race_gazebo/worlds
[1.632s] -- Installing: /home/developer/ros2_ws/src/line_tracking_race/install/line_tracking_race_gazebo/share/line_tracking_race_gazebo/worlds/race_track.world
[1.632s] -- Installing: /home/developer/ros2_ws/src/line_tracking_race/install/line_tracking_race_gazebo/share/line_tracking_race_gazebo/environment/line_tracking_race_gazebo.dsv
[1.632s] -- Installing: /home/developer/ros2_ws/src/line_tracking_race/install/line_tracking_race_gazebo/share/line_tracking_race_gazebo/environment/line_tracking_race_gazebo.sh
[1.633s] -- Installing: /home/developer/ros2_ws/src/line_tracking_race/install/line_tracking_race_gazebo/share/ament_index/resource_index/package_run_dependencies/line_tracking_race_gazebo
[1.633s] -- Installing: /home/developer/ros2_ws/src/line_tracking_race/install/line_tracking_race_gazebo/share/ament_index/resource_index/parent_prefix_path/line_tracking_race_gazebo
[1.633s] -- Installing: /home/developer/ros2_ws/src/line_tracking_race/install/line_tracking_race_gazebo/share/line_tracking_race_gazebo/environment/ament_prefix_path.sh
[1.633s] -- Installing: /home/developer/ros2_ws/src/line_tracking_race/install/line_tracking_race_gazebo/share/line_tracking_race_gazebo/environment/ament_prefix_path.dsv
[1.633s] -- Installing: /home/developer/ros2_ws/src/line_tracking_race/install/line_tracking_race_gazebo/share/line_tracking_race_gazebo/environment/path.sh
[1.633s] -- Installing: /home/developer/ros2_ws/src/line_tracking_race/install/line_tracking_race_gazebo/share/line_tracking_race_gazebo/environment/path.dsv
[1.633s] -- Installing: /home/developer/ros2_ws/src/line_tracking_race/install/line_tracking_race_gazebo/share/line_tracking_race_gazebo/local_setup.bash
[1.633s] -- Installing: /home/developer/ros2_ws/src/line_tracking_race/install/line_tracking_race_gazebo/share/line_tracking_race_gazebo/local_setup.sh
[1.633s] -- Installing: /home/developer/ros2_ws/src/line_tracking_race/install/line_tracking_race_gazebo/share/line_tracking_race_gazebo/local_setup.zsh
[1.634s] -- Installing: /home/developer/ros2_ws/src/line_tracking_race/install/line_tracking_race_gazebo/share/line_tracking_race_gazebo/local_setup.dsv
[1.634s] -- Installing: /home/developer/ros2_ws/src/line_tracking_race/install/line_tracking_race_gazebo/share/line_tracking_race_gazebo/package.dsv
[1.634s] -- Installing: /home/developer/ros2_ws/src/line_tracking_race/install/line_tracking_race_gazebo/share/ament_index/resource_index/packages/line_tracking_race_gazebo
[1.634s] -- Installing: /home/developer/ros2_ws/src/line_tracking_race/install/line_tracking_race_gazebo/share/line_tracking_race_gazebo/cmake/line_tracking_race_gazeboConfig.cmake
[1.634s] -- Installing: /home/developer/ros2_ws/src/line_tracking_race/install/line_tracking_race_gazebo/share/line_tracking_race_gazebo/cmake/line_tracking_race_gazeboConfig-version.cmake
[1.634s] -- Installing: /home/developer/ros2_ws/src/line_tracking_race/install/line_tracking_race_gazebo/share/line_tracking_race_gazebo/package.xml
[1.635s] Invoked command in '/home/developer/ros2_ws/src/line_tracking_race/build/line_tracking_race_gazebo' returned '0': AMENT_PREFIX_PATH=/home/developer/ros2_ws/src/line_tracking_race/install/line_tracking_race_description:${AMENT_PREFIX_PATH} CMAKE_PREFIX_PATH=/home/developer/ros2_ws/src/line_tracking_race/install/line_tracking_race_description:/home/developer/ros2_ws/install/line_tracking_race_bringup:/home/developer/ros2_ws/install/line_tracking_race_gazebo:/home/developer/ros2_ws/install/line_tracking_race_description:/home/developer/ros2_ws/install/line_tracking_race_application:/opt/ros/jazzy/opt/gz_sim_vendor:/opt/ros/jazzy/opt/gz_sensors_vendor:/opt/ros/jazzy/opt/gz_physics_vendor:/opt/ros/jazzy/opt/sdformat_vendor:/opt/ros/jazzy/opt/gz_gui_vendor:/opt/ros/jazzy/opt/gz_transport_vendor:/opt/ros/jazzy/opt/gz_rendering_vendor:/opt/ros/jazzy/opt/gz_plugin_vendor:/opt/ros/jazzy/opt/gz_fuel_tools_vendor:/opt/ros/jazzy/opt/gz_msgs_vendor:/opt/ros/jazzy/opt/gz_common_vendor:/opt/ros/jazzy/opt/gz_math_vendor:/opt/ros/jazzy/opt/gz_utils_vendor:/opt/ros/jazzy/opt/gz_tools_vendor:/opt/ros/jazzy/opt/gz_ogre_next_vendor:/opt/ros/jazzy/opt/gz_dartsim_vendor:/opt/ros/jazzy/opt/gz_cmake_vendor:/home/developer/ros2_ws/install/dapozzo_line_tracking:/opt/ros/jazzy GZ_SIM_RESOURCE_PATH=/home/developer/ros2_ws/src/line_tracking_race/install/line_tracking_race_description/share/line_tracking_race_description/models:${GZ_SIM_RESOURCE_PATH} /usr/bin/cmake --install /home/developer/ros2_ws/src/line_tracking_race/build/line_tracking_race_gazebo
