[0.010s] Invoking command in '/home/developer/ros2_ws/src/line_tracking_race/build/line_tracking_race_description': CMAKE_PREFIX_PATH=${CMAKE_PREFIX_PATH}:/home/developer/ros2_ws/install/dapozzo_line_tracking:/opt/ros/jazzy /usr/bin/cmake /home/developer/ros2_ws/src/line_tracking_race/line_tracking_race_description -DCMAKE_INSTALL_PREFIX=/home/developer/ros2_ws/src/line_tracking_race/install/line_tracking_race_description
[0.108s] -- The C compiler identification is GNU 13.3.0
[0.181s] -- The CXX compiler identification is GNU 13.3.0
[0.200s] -- Detecting C compiler ABI info
[0.272s] -- Detecting C compiler ABI info - done
[0.281s] -- Check for working C compiler: /usr/bin/cc - skipped
[0.282s] -- Detecting C compile features
[0.282s] -- Detecting C compile features - done
[0.292s] -- Detecting CXX compiler ABI info
[0.373s] -- Detecting CXX compiler ABI info - done
[0.379s] -- Check for working CXX compiler: /usr/bin/c++ - skipped
[0.379s] -- Detecting CXX compile features
[0.379s] -- Detecting CXX compile features - done
[0.384s] -- Found ament_cmake: 2.5.4 (/opt/ros/jazzy/share/ament_cmake/cmake)
[0.489s] -- Found Python3: /usr/bin/python3 (found version "3.12.3") found components: Interpreter 
[0.584s] -- Found ament_lint_auto: 0.17.2 (/opt/ros/jazzy/share/ament_lint_auto/cmake)
[0.641s] -- Configuring done (0.6s)
[0.643s] -- Generating done (0.0s)
[0.644s] -- Build files have been written to: /home/developer/ros2_ws/src/line_tracking_race/build/line_tracking_race_description
[0.647s] Invoked command in '/home/developer/ros2_ws/src/line_tracking_race/build/line_tracking_race_description' returned '0': CMAKE_PREFIX_PATH=${CMAKE_PREFIX_PATH}:/home/developer/ros2_ws/install/dapozzo_line_tracking:/opt/ros/jazzy /usr/bin/cmake /home/developer/ros2_ws/src/line_tracking_race/line_tracking_race_description -DCMAKE_INSTALL_PREFIX=/home/developer/ros2_ws/src/line_tracking_race/install/line_tracking_race_description
[0.648s] Invoking command in '/home/developer/ros2_ws/src/line_tracking_race/build/line_tracking_race_description': CMAKE_PREFIX_PATH=${CMAKE_PREFIX_PATH}:/home/developer/ros2_ws/install/dapozzo_line_tracking:/opt/ros/jazzy /usr/bin/cmake --build /home/developer/ros2_ws/src/line_tracking_race/build/line_tracking_race_description -- -j22 -l22
[0.678s] Invoked command in '/home/developer/ros2_ws/src/line_tracking_race/build/line_tracking_race_description' returned '0': CMAKE_PREFIX_PATH=${CMAKE_PREFIX_PATH}:/home/developer/ros2_ws/install/dapozzo_line_tracking:/opt/ros/jazzy /usr/bin/cmake --build /home/developer/ros2_ws/src/line_tracking_race/build/line_tracking_race_description -- -j22 -l22
[0.684s] Invoking command in '/home/developer/ros2_ws/src/line_tracking_race/build/line_tracking_race_description': CMAKE_PREFIX_PATH=${CMAKE_PREFIX_PATH}:/home/developer/ros2_ws/install/dapozzo_line_tracking:/opt/ros/jazzy /usr/bin/cmake --install /home/developer/ros2_ws/src/line_tracking_race/build/line_tracking_race_description
[0.689s] -- Install configuration: ""
[0.690s] -- Installing: /home/developer/ros2_ws/src/line_tracking_race/install/line_tracking_race_description/share/line_tracking_race_description/models/
[0.690s] -- Installing: /home/developer/ros2_ws/src/line_tracking_race/install/line_tracking_race_description/share/line_tracking_race_description/models//line_track
[0.690s] -- Installing: /home/developer/ros2_ws/src/line_tracking_race/install/line_tracking_race_description/share/line_tracking_race_description/models//line_track/model.config
[0.690s] -- Installing: /home/developer/ros2_ws/src/line_tracking_race/install/line_tracking_race_description/share/line_tracking_race_description/models//line_track/track.sdf
[0.690s] -- Installing: /home/developer/ros2_ws/src/line_tracking_race/install/line_tracking_race_description/share/line_tracking_race_description/models//line_track/materials
[0.690s] -- Installing: /home/developer/ros2_ws/src/line_tracking_race/install/line_tracking_race_description/share/line_tracking_race_description/models//line_track/materials/textures
[0.690s] -- Installing: /home/developer/ros2_ws/src/line_tracking_race/install/line_tracking_race_description/share/line_tracking_race_description/models//line_track/materials/textures/track_loop.png
[0.690s] -- Installing: /home/developer/ros2_ws/src/line_tracking_race/install/line_tracking_race_description/share/line_tracking_race_description/models//urdf
[0.690s] -- Installing: /home/developer/ros2_ws/src/line_tracking_race/install/line_tracking_race_description/share/line_tracking_race_description/models//urdf/car
[0.690s] -- Installing: /home/developer/ros2_ws/src/line_tracking_race/install/line_tracking_race_description/share/line_tracking_race_description/models//urdf/car/car_camera.xacro
[0.690s] -- Installing: /home/developer/ros2_ws/src/line_tracking_race/install/line_tracking_race_description/share/line_tracking_race_description/models//urdf/car/car_properties.xacro
[0.690s] -- Installing: /home/developer/ros2_ws/src/line_tracking_race/install/line_tracking_race_description/share/line_tracking_race_description/models//urdf/car/car_materials.xacro
[0.691s] -- Installing: /home/developer/ros2_ws/src/line_tracking_race/install/line_tracking_race_description/share/line_tracking_race_description/models//urdf/car/car_wheel_macro.xacro
[0.691s] -- Installing: /home/developer/ros2_ws/src/line_tracking_race/install/line_tracking_race_description/share/line_tracking_race_description/models//urdf/car/car_core.xacro
[0.691s] -- Installing: /home/developer/ros2_ws/src/line_tracking_race/install/line_tracking_race_description/share/line_tracking_race_description/models//urdf/car/car_inertial.xacro
[0.691s] -- Installing: /home/developer/ros2_ws/src/line_tracking_race/install/line_tracking_race_description/share/line_tracking_race_description/models//urdf/car/car_diff_drive.xacro
[0.691s] -- Installing: /home/developer/ros2_ws/src/line_tracking_race/install/line_tracking_race_description/share/line_tracking_race_description/models//urdf/car.urdf.xacro
[0.691s] -- Installing: /home/developer/ros2_ws/src/line_tracking_race/install/line_tracking_race_description/share/line_tracking_race_description/environment/line_tracking_race_description.dsv
[0.691s] -- Installing: /home/developer/ros2_ws/src/line_tracking_race/install/line_tracking_race_description/share/line_tracking_race_description/environment/line_tracking_race_description.sh
[0.691s] -- Installing: /home/developer/ros2_ws/src/line_tracking_race/install/line_tracking_race_description/share/ament_index/resource_index/package_run_dependencies/line_tracking_race_description
[0.692s] -- Installing: /home/developer/ros2_ws/src/line_tracking_race/install/line_tracking_race_description/share/ament_index/resource_index/parent_prefix_path/line_tracking_race_description
[0.692s] -- Installing: /home/developer/ros2_ws/src/line_tracking_race/install/line_tracking_race_description/share/line_tracking_race_description/environment/ament_prefix_path.sh
[0.692s] -- Installing: /home/developer/ros2_ws/src/line_tracking_race/install/line_tracking_race_description/share/line_tracking_race_description/environment/ament_prefix_path.dsv
[0.692s] -- Installing: /home/developer/ros2_ws/src/line_tracking_race/install/line_tracking_race_description/share/line_tracking_race_description/environment/path.sh
[0.692s] -- Installing: /home/developer/ros2_ws/src/line_tracking_race/install/line_tracking_race_description/share/line_tracking_race_description/environment/path.dsv
[0.692s] -- Installing: /home/developer/ros2_ws/src/line_tracking_race/install/line_tracking_race_description/share/line_tracking_race_description/local_setup.bash
[0.692s] -- Installing: /home/developer/ros2_ws/src/line_tracking_race/install/line_tracking_race_description/share/line_tracking_race_description/local_setup.sh
[0.692s] -- Installing: /home/developer/ros2_ws/src/line_tracking_race/install/line_tracking_race_description/share/line_tracking_race_description/local_setup.zsh
[0.692s] -- Installing: /home/developer/ros2_ws/src/line_tracking_race/install/line_tracking_race_description/share/line_tracking_race_description/local_setup.dsv
[0.692s] -- Installing: /home/developer/ros2_ws/src/line_tracking_race/install/line_tracking_race_description/share/line_tracking_race_description/package.dsv
[0.692s] -- Installing: /home/developer/ros2_ws/src/line_tracking_race/install/line_tracking_race_description/share/ament_index/resource_index/packages/line_tracking_race_description
[0.692s] -- Installing: /home/developer/ros2_ws/src/line_tracking_race/install/line_tracking_race_description/share/line_tracking_race_description/cmake/line_tracking_race_descriptionConfig.cmake
[0.692s] -- Installing: /home/developer/ros2_ws/src/line_tracking_race/install/line_tracking_race_description/share/line_tracking_race_description/cmake/line_tracking_race_descriptionConfig-version.cmake
[0.693s] -- Installing: /home/developer/ros2_ws/src/line_tracking_race/install/line_tracking_race_description/share/line_tracking_race_description/package.xml
[0.694s] Invoked command in '/home/developer/ros2_ws/src/line_tracking_race/build/line_tracking_race_description' returned '0': CMAKE_PREFIX_PATH=${CMAKE_PREFIX_PATH}:/home/developer/ros2_ws/install/dapozzo_line_tracking:/opt/ros/jazzy /usr/bin/cmake --install /home/developer/ros2_ws/src/line_tracking_race/build/line_tracking_race_description
