/home/developer/ros2_ws/src/line_tracking_race/install/line_tracking_race_application/lib/python3.12/site-packages/line_tracking/visualizer.py
/home/developer/ros2_ws/src/line_tracking_race/install/line_tracking_race_application/lib/python3.12/site-packages/line_tracking/colors.py
/home/developer/ros2_ws/src/line_tracking_race/install/line_tracking_race_application/lib/python3.12/site-packages/line_tracking/nodes/planner_node.py
/home/developer/ros2_ws/src/line_tracking_race/install/line_tracking_race_application/lib/python3.12/site-packages/line_tracking/nodes/control_node.py
/home/developer/ros2_ws/src/line_tracking_race/install/line_tracking_race_application/lib/python3.12/site-packages/line_tracking/nodes/referee_node.py
/home/developer/ros2_ws/src/line_tracking_race/install/line_tracking_race_application/lib/python3.12/site-packages/line_tracking/nodes/__init__.py
/home/developer/ros2_ws/src/line_tracking_race/install/line_tracking_race_application/lib/python3.12/site-packages/line_tracking/planning_strategies/error_type.py
/home/developer/ros2_ws/src/line_tracking_race/install/line_tracking_race_application/lib/python3.12/site-packages/line_tracking/planning_strategies/centerline_strategy.py
/home/developer/ros2_ws/src/line_tracking_race/install/line_tracking_race_application/lib/python3.12/site-packages/line_tracking/planning_strategies/centroid_strategy.py
/home/developer/ros2_ws/src/line_tracking_race/install/line_tracking_race_application/lib/python3.12/site-packages/line_tracking/planning_strategies/__init__.py
/home/developer/ros2_ws/src/line_tracking_race/install/line_tracking_race_application/lib/python3.12/site-packages/line_tracking/__pycache__/visualizer.cpython-312.pyc
/home/developer/ros2_ws/src/line_tracking_race/install/line_tracking_race_application/lib/python3.12/site-packages/line_tracking/__pycache__/colors.cpython-312.pyc
/home/developer/ros2_ws/src/line_tracking_race/install/line_tracking_race_application/lib/python3.12/site-packages/line_tracking/nodes/__pycache__/planner_node.cpython-312.pyc
/home/developer/ros2_ws/src/line_tracking_race/install/line_tracking_race_application/lib/python3.12/site-packages/line_tracking/nodes/__pycache__/control_node.cpython-312.pyc
/home/developer/ros2_ws/src/line_tracking_race/install/line_tracking_race_application/lib/python3.12/site-packages/line_tracking/nodes/__pycache__/referee_node.cpython-312.pyc
/home/developer/ros2_ws/src/line_tracking_race/install/line_tracking_race_application/lib/python3.12/site-packages/line_tracking/nodes/__pycache__/__init__.cpython-312.pyc
/home/developer/ros2_ws/src/line_tracking_race/install/line_tracking_race_application/lib/python3.12/site-packages/line_tracking/planning_strategies/__pycache__/error_type.cpython-312.pyc
/home/developer/ros2_ws/src/line_tracking_race/install/line_tracking_race_application/lib/python3.12/site-packages/line_tracking/planning_strategies/__pycache__/centerline_strategy.cpython-312.pyc
/home/developer/ros2_ws/src/line_tracking_race/install/line_tracking_race_application/lib/python3.12/site-packages/line_tracking/planning_strategies/__pycache__/centroid_strategy.cpython-312.pyc
/home/developer/ros2_ws/src/line_tracking_race/install/line_tracking_race_application/lib/python3.12/site-packages/line_tracking/planning_strategies/__pycache__/__init__.cpython-312.pyc
/home/developer/ros2_ws/src/line_tracking_race/install/line_tracking_race_application/share/ament_index/resource_index/packages/line_tracking_race_application
/home/developer/ros2_ws/src/line_tracking_race/install/line_tracking_race_application/share/line_tracking_race_application/package.xml
/home/developer/ros2_ws/src/line_tracking_race/install/line_tracking_race_application/share/line_tracking_race_application/launch/referee_launch.py
/home/developer/ros2_ws/src/line_tracking_race/install/line_tracking_race_application/share/line_tracking_race_application/launch/full_launch.py
/home/developer/ros2_ws/src/line_tracking_race/install/line_tracking_race_application/share/line_tracking_race_application/launch/planner_launch.py
/home/developer/ros2_ws/src/line_tracking_race/install/line_tracking_race_application/share/line_tracking_race_application/launch/control_launch.py
/home/developer/ros2_ws/src/line_tracking_race/install/line_tracking_race_application/share/line_tracking_race_application/config/pid_params.yaml
/home/developer/ros2_ws/src/line_tracking_race/install/line_tracking_race_application/share/line_tracking_race_application/config/referee_params.yaml
/home/developer/ros2_ws/src/line_tracking_race/install/line_tracking_race_application/lib/python3.12/site-packages/line_tracking_race_application-0.1.0-py3.12.egg-info/entry_points.txt
/home/developer/ros2_ws/src/line_tracking_race/install/line_tracking_race_application/lib/python3.12/site-packages/line_tracking_race_application-0.1.0-py3.12.egg-info/dependency_links.txt
/home/developer/ros2_ws/src/line_tracking_race/install/line_tracking_race_application/lib/python3.12/site-packages/line_tracking_race_application-0.1.0-py3.12.egg-info/not-zip-safe
/home/developer/ros2_ws/src/line_tracking_race/install/line_tracking_race_application/lib/python3.12/site-packages/line_tracking_race_application-0.1.0-py3.12.egg-info/top_level.txt
/home/developer/ros2_ws/src/line_tracking_race/install/line_tracking_race_application/lib/python3.12/site-packages/line_tracking_race_application-0.1.0-py3.12.egg-info/SOURCES.txt
/home/developer/ros2_ws/src/line_tracking_race/install/line_tracking_race_application/lib/python3.12/site-packages/line_tracking_race_application-0.1.0-py3.12.egg-info/PKG-INFO
/home/developer/ros2_ws/src/line_tracking_race/install/line_tracking_race_application/lib/python3.12/site-packages/line_tracking_race_application-0.1.0-py3.12.egg-info/requires.txt
/home/developer/ros2_ws/src/line_tracking_race/install/line_tracking_race_application/lib/line_tracking_race_application/control_node
/home/developer/ros2_ws/src/line_tracking_race/install/line_tracking_race_application/lib/line_tracking_race_application/planner_node
/home/developer/ros2_ws/src/line_tracking_race/install/line_tracking_race_application/lib/line_tracking_race_application/referee_node
