[0.058s] DEBUG:colcon:Command line arguments: ['/usr/bin/colcon', 'build']
[0.058s] DEBUG:colcon:Parsed command line arguments: Namespace(log_base=None, log_level=None, verb_name='build', build_base='build', install_base='install', merge_install=False, symlink_install=False, test_result_base=None, continue_on_error=False, executor='parallel', parallel_workers=22, event_handlers=None, ignore_user_meta=False, metas=['./colcon.meta'], base_paths=['.'], packages_ignore=None, packages_ignore_regex=None, paths=None, packages_up_to=None, packages_up_to_regex=None, packages_above=None, packages_above_and_dependencies=None, packages_above_depth=None, packages_select_by_dep=None, packages_skip_by_dep=None, packages_skip_up_to=None, packages_select_build_failed=False, packages_skip_build_finished=False, packages_select_test_failures=False, packages_skip_test_passed=False, packages_select=None, packages_skip=None, packages_select_regex=None, packages_skip_regex=None, packages_start=None, packages_end=None, cmake_args=None, cmake_target=None, cmake_target_skip_unavailable=False, cmake_clean_cache=False, cmake_clean_first=False, cmake_force_configure=False, ament_cmake_args=None, catkin_cmake_args=None, catkin_skip_building_tests=False, mixin_files=None, mixin=None, verb_parser=<colcon_mixin.mixin.mixin_argument.MixinArgumentDecorator object at 0x7ff8a0bc2a20>, verb_extension=<colcon_core.verb.build.BuildVerb object at 0x7ff8a0d3f830>, main=<bound method BuildVerb.main of <colcon_core.verb.build.BuildVerb object at 0x7ff8a0d3f830>>, mixin_verb=('build',))
[0.080s] Level 1:colcon.colcon_core.package_discovery:discover_packages(colcon_meta) check parameters
[0.080s] Level 1:colcon.colcon_core.package_discovery:discover_packages(recursive) check parameters
[0.080s] Level 1:colcon.colcon_core.package_discovery:discover_packages(ignore) check parameters
[0.080s] Level 1:colcon.colcon_core.package_discovery:discover_packages(path) check parameters
[0.080s] Level 1:colcon.colcon_core.package_discovery:discover_packages(colcon_meta) discover
[0.080s] Level 1:colcon.colcon_core.package_discovery:discover_packages(recursive) discover
[0.080s] INFO:colcon.colcon_core.package_discovery:Crawling recursively for packages in '/home/developer/ros2_ws/src/line_tracking_race'
[0.080s] Level 1:colcon.colcon_core.package_identification:_identify(.) by extensions ['ignore', 'ignore_ament_install']
[0.080s] Level 1:colcon.colcon_core.package_identification:_identify(.) by extension 'ignore'
[0.081s] Level 1:colcon.colcon_core.package_identification:_identify(.) by extension 'ignore_ament_install'
[0.081s] Level 1:colcon.colcon_core.package_identification:_identify(.) by extensions ['colcon_pkg']
[0.081s] Level 1:colcon.colcon_core.package_identification:_identify(.) by extension 'colcon_pkg'
[0.081s] Level 1:colcon.colcon_core.package_identification:_identify(.) by extensions ['colcon_meta']
[0.081s] Level 1:colcon.colcon_core.package_identification:_identify(.) by extension 'colcon_meta'
[0.081s] Level 1:colcon.colcon_core.package_identification:_identify(.) by extensions ['ros']
[0.081s] Level 1:colcon.colcon_core.package_identification:_identify(.) by extension 'ros'
[0.095s] Level 1:colcon.colcon_core.package_identification:_identify(.) by extensions ['cmake', 'python']
[0.095s] Level 1:colcon.colcon_core.package_identification:_identify(.) by extension 'cmake'
[0.095s] Level 1:colcon.colcon_core.package_identification:_identify(.) by extension 'python'
[0.096s] Level 1:colcon.colcon_core.package_identification:_identify(.) by extensions ['python_setup_py']
[0.096s] Level 1:colcon.colcon_core.package_identification:_identify(.) by extension 'python_setup_py'
[0.096s] Level 1:colcon.colcon_core.package_identification:_identify(build) by extensions ['ignore', 'ignore_ament_install']
[0.096s] Level 1:colcon.colcon_core.package_identification:_identify(build) by extension 'ignore'
[0.096s] Level 1:colcon.colcon_core.package_identification:_identify(build) ignored
[0.096s] Level 1:colcon.colcon_core.package_identification:_identify(docs) by extensions ['ignore', 'ignore_ament_install']
[0.096s] Level 1:colcon.colcon_core.package_identification:_identify(docs) by extension 'ignore'
[0.096s] Level 1:colcon.colcon_core.package_identification:_identify(docs) by extension 'ignore_ament_install'
[0.096s] Level 1:colcon.colcon_core.package_identification:_identify(docs) by extensions ['colcon_pkg']
[0.096s] Level 1:colcon.colcon_core.package_identification:_identify(docs) by extension 'colcon_pkg'
[0.096s] Level 1:colcon.colcon_core.package_identification:_identify(docs) by extensions ['colcon_meta']
[0.096s] Level 1:colcon.colcon_core.package_identification:_identify(docs) by extension 'colcon_meta'
[0.096s] Level 1:colcon.colcon_core.package_identification:_identify(docs) by extensions ['ros']
[0.096s] Level 1:colcon.colcon_core.package_identification:_identify(docs) by extension 'ros'
[0.096s] Level 1:colcon.colcon_core.package_identification:_identify(docs) by extensions ['cmake', 'python']
[0.096s] Level 1:colcon.colcon_core.package_identification:_identify(docs) by extension 'cmake'
[0.096s] Level 1:colcon.colcon_core.package_identification:_identify(docs) by extension 'python'
[0.096s] Level 1:colcon.colcon_core.package_identification:_identify(docs) by extensions ['python_setup_py']
[0.096s] Level 1:colcon.colcon_core.package_identification:_identify(docs) by extension 'python_setup_py'
[0.096s] Level 1:colcon.colcon_core.package_identification:_identify(docs/figures) by extensions ['ignore', 'ignore_ament_install']
[0.096s] Level 1:colcon.colcon_core.package_identification:_identify(docs/figures) by extension 'ignore'
[0.096s] Level 1:colcon.colcon_core.package_identification:_identify(docs/figures) by extension 'ignore_ament_install'
[0.096s] Level 1:colcon.colcon_core.package_identification:_identify(docs/figures) by extensions ['colcon_pkg']
[0.096s] Level 1:colcon.colcon_core.package_identification:_identify(docs/figures) by extension 'colcon_pkg'
[0.096s] Level 1:colcon.colcon_core.package_identification:_identify(docs/figures) by extensions ['colcon_meta']
[0.096s] Level 1:colcon.colcon_core.package_identification:_identify(docs/figures) by extension 'colcon_meta'
[0.096s] Level 1:colcon.colcon_core.package_identification:_identify(docs/figures) by extensions ['ros']
[0.096s] Level 1:colcon.colcon_core.package_identification:_identify(docs/figures) by extension 'ros'
[0.096s] Level 1:colcon.colcon_core.package_identification:_identify(docs/figures) by extensions ['cmake', 'python']
[0.096s] Level 1:colcon.colcon_core.package_identification:_identify(docs/figures) by extension 'cmake'
[0.096s] Level 1:colcon.colcon_core.package_identification:_identify(docs/figures) by extension 'python'
[0.096s] Level 1:colcon.colcon_core.package_identification:_identify(docs/figures) by extensions ['python_setup_py']
[0.096s] Level 1:colcon.colcon_core.package_identification:_identify(docs/figures) by extension 'python_setup_py'
[0.096s] Level 1:colcon.colcon_core.package_identification:_identify(install) by extensions ['ignore', 'ignore_ament_install']
[0.096s] Level 1:colcon.colcon_core.package_identification:_identify(install) by extension 'ignore'
[0.096s] Level 1:colcon.colcon_core.package_identification:_identify(install) ignored
[0.097s] Level 1:colcon.colcon_core.package_identification:_identify(line_tracking_race_application) by extensions ['ignore', 'ignore_ament_install']
[0.097s] Level 1:colcon.colcon_core.package_identification:_identify(line_tracking_race_application) by extension 'ignore'
[0.097s] Level 1:colcon.colcon_core.package_identification:_identify(line_tracking_race_application) by extension 'ignore_ament_install'
[0.097s] Level 1:colcon.colcon_core.package_identification:_identify(line_tracking_race_application) by extensions ['colcon_pkg']
[0.097s] Level 1:colcon.colcon_core.package_identification:_identify(line_tracking_race_application) by extension 'colcon_pkg'
[0.097s] Level 1:colcon.colcon_core.package_identification:_identify(line_tracking_race_application) by extensions ['colcon_meta']
[0.097s] Level 1:colcon.colcon_core.package_identification:_identify(line_tracking_race_application) by extension 'colcon_meta'
[0.097s] Level 1:colcon.colcon_core.package_identification:_identify(line_tracking_race_application) by extensions ['ros']
[0.097s] Level 1:colcon.colcon_core.package_identification:_identify(line_tracking_race_application) by extension 'ros'
[0.098s] DEBUG:colcon.colcon_core.package_identification:Package 'line_tracking_race_application' with type 'ros.ament_python' and name 'line_tracking_race_application'
[0.098s] Level 1:colcon.colcon_core.package_identification:_identify(line_tracking_race_bringup) by extensions ['ignore', 'ignore_ament_install']
[0.098s] Level 1:colcon.colcon_core.package_identification:_identify(line_tracking_race_bringup) by extension 'ignore'
[0.098s] Level 1:colcon.colcon_core.package_identification:_identify(line_tracking_race_bringup) by extension 'ignore_ament_install'
[0.098s] Level 1:colcon.colcon_core.package_identification:_identify(line_tracking_race_bringup) by extensions ['colcon_pkg']
[0.098s] Level 1:colcon.colcon_core.package_identification:_identify(line_tracking_race_bringup) by extension 'colcon_pkg'
[0.098s] Level 1:colcon.colcon_core.package_identification:_identify(line_tracking_race_bringup) by extensions ['colcon_meta']
[0.098s] Level 1:colcon.colcon_core.package_identification:_identify(line_tracking_race_bringup) by extension 'colcon_meta'
[0.098s] Level 1:colcon.colcon_core.package_identification:_identify(line_tracking_race_bringup) by extensions ['ros']
[0.098s] Level 1:colcon.colcon_core.package_identification:_identify(line_tracking_race_bringup) by extension 'ros'
[0.099s] DEBUG:colcon.colcon_core.package_identification:Package 'line_tracking_race_bringup' with type 'ros.ament_cmake' and name 'line_tracking_race_bringup'
[0.099s] Level 1:colcon.colcon_core.package_identification:_identify(line_tracking_race_description) by extensions ['ignore', 'ignore_ament_install']
[0.099s] Level 1:colcon.colcon_core.package_identification:_identify(line_tracking_race_description) by extension 'ignore'
[0.099s] Level 1:colcon.colcon_core.package_identification:_identify(line_tracking_race_description) by extension 'ignore_ament_install'
[0.099s] Level 1:colcon.colcon_core.package_identification:_identify(line_tracking_race_description) by extensions ['colcon_pkg']
[0.099s] Level 1:colcon.colcon_core.package_identification:_identify(line_tracking_race_description) by extension 'colcon_pkg'
[0.099s] Level 1:colcon.colcon_core.package_identification:_identify(line_tracking_race_description) by extensions ['colcon_meta']
[0.099s] Level 1:colcon.colcon_core.package_identification:_identify(line_tracking_race_description) by extension 'colcon_meta'
[0.099s] Level 1:colcon.colcon_core.package_identification:_identify(line_tracking_race_description) by extensions ['ros']
[0.099s] Level 1:colcon.colcon_core.package_identification:_identify(line_tracking_race_description) by extension 'ros'
[0.099s] DEBUG:colcon.colcon_core.package_identification:Package 'line_tracking_race_description' with type 'ros.ament_cmake' and name 'line_tracking_race_description'
[0.099s] Level 1:colcon.colcon_core.package_identification:_identify(line_tracking_race_gazebo) by extensions ['ignore', 'ignore_ament_install']
[0.099s] Level 1:colcon.colcon_core.package_identification:_identify(line_tracking_race_gazebo) by extension 'ignore'
[0.099s] Level 1:colcon.colcon_core.package_identification:_identify(line_tracking_race_gazebo) by extension 'ignore_ament_install'
[0.099s] Level 1:colcon.colcon_core.package_identification:_identify(line_tracking_race_gazebo) by extensions ['colcon_pkg']
[0.099s] Level 1:colcon.colcon_core.package_identification:_identify(line_tracking_race_gazebo) by extension 'colcon_pkg'
[0.099s] Level 1:colcon.colcon_core.package_identification:_identify(line_tracking_race_gazebo) by extensions ['colcon_meta']
[0.099s] Level 1:colcon.colcon_core.package_identification:_identify(line_tracking_race_gazebo) by extension 'colcon_meta'
[0.100s] Level 1:colcon.colcon_core.package_identification:_identify(line_tracking_race_gazebo) by extensions ['ros']
[0.100s] Level 1:colcon.colcon_core.package_identification:_identify(line_tracking_race_gazebo) by extension 'ros'
[0.100s] DEBUG:colcon.colcon_core.package_identification:Package 'line_tracking_race_gazebo' with type 'ros.ament_cmake' and name 'line_tracking_race_gazebo'
[0.100s] Level 1:colcon.colcon_core.package_identification:_identify(log) by extensions ['ignore', 'ignore_ament_install']
[0.100s] Level 1:colcon.colcon_core.package_identification:_identify(log) by extension 'ignore'
[0.100s] Level 1:colcon.colcon_core.package_identification:_identify(log) ignored
[0.100s] Level 1:colcon.colcon_core.package_discovery:discover_packages(recursive) using defaults
[0.100s] Level 1:colcon.colcon_core.package_discovery:discover_packages(ignore) discover
[0.100s] Level 1:colcon.colcon_core.package_discovery:discover_packages(ignore) using defaults
[0.100s] Level 1:colcon.colcon_core.package_discovery:discover_packages(path) discover
[0.100s] Level 1:colcon.colcon_core.package_discovery:discover_packages(path) using defaults
[0.110s] Level 5:colcon.colcon_core.verb:set package 'line_tracking_race_application' build argument 'cmake_args' from command line to 'None'
[0.110s] Level 5:colcon.colcon_core.verb:set package 'line_tracking_race_application' build argument 'cmake_target' from command line to 'None'
[0.110s] Level 5:colcon.colcon_core.verb:set package 'line_tracking_race_application' build argument 'cmake_target_skip_unavailable' from command line to 'False'
[0.110s] Level 5:colcon.colcon_core.verb:set package 'line_tracking_race_application' build argument 'cmake_clean_cache' from command line to 'False'
[0.110s] Level 5:colcon.colcon_core.verb:set package 'line_tracking_race_application' build argument 'cmake_clean_first' from command line to 'False'
[0.110s] Level 5:colcon.colcon_core.verb:set package 'line_tracking_race_application' build argument 'cmake_force_configure' from command line to 'False'
[0.110s] Level 5:colcon.colcon_core.verb:set package 'line_tracking_race_application' build argument 'ament_cmake_args' from command line to 'None'
[0.110s] Level 5:colcon.colcon_core.verb:set package 'line_tracking_race_application' build argument 'catkin_cmake_args' from command line to 'None'
[0.110s] Level 5:colcon.colcon_core.verb:set package 'line_tracking_race_application' build argument 'catkin_skip_building_tests' from command line to 'False'
[0.110s] DEBUG:colcon.colcon_core.verb:Building package 'line_tracking_race_application' with the following arguments: {'ament_cmake_args': None, 'build_base': '/home/developer/ros2_ws/src/line_tracking_race/build/line_tracking_race_application', 'catkin_cmake_args': None, 'catkin_skip_building_tests': False, 'cmake_args': None, 'cmake_clean_cache': False, 'cmake_clean_first': False, 'cmake_force_configure': False, 'cmake_target': None, 'cmake_target_skip_unavailable': False, 'install_base': '/home/developer/ros2_ws/src/line_tracking_race/install/line_tracking_race_application', 'merge_install': False, 'path': '/home/developer/ros2_ws/src/line_tracking_race/line_tracking_race_application', 'symlink_install': False, 'test_result_base': None}
[0.111s] Level 5:colcon.colcon_core.verb:set package 'line_tracking_race_description' build argument 'cmake_args' from command line to 'None'
[0.111s] Level 5:colcon.colcon_core.verb:set package 'line_tracking_race_description' build argument 'cmake_target' from command line to 'None'
[0.111s] Level 5:colcon.colcon_core.verb:set package 'line_tracking_race_description' build argument 'cmake_target_skip_unavailable' from command line to 'False'
[0.111s] Level 5:colcon.colcon_core.verb:set package 'line_tracking_race_description' build argument 'cmake_clean_cache' from command line to 'False'
[0.111s] Level 5:colcon.colcon_core.verb:set package 'line_tracking_race_description' build argument 'cmake_clean_first' from command line to 'False'
[0.111s] Level 5:colcon.colcon_core.verb:set package 'line_tracking_race_description' build argument 'cmake_force_configure' from command line to 'False'
[0.111s] Level 5:colcon.colcon_core.verb:set package 'line_tracking_race_description' build argument 'ament_cmake_args' from command line to 'None'
[0.111s] Level 5:colcon.colcon_core.verb:set package 'line_tracking_race_description' build argument 'catkin_cmake_args' from command line to 'None'
[0.111s] Level 5:colcon.colcon_core.verb:set package 'line_tracking_race_description' build argument 'catkin_skip_building_tests' from command line to 'False'
[0.111s] DEBUG:colcon.colcon_core.verb:Building package 'line_tracking_race_description' with the following arguments: {'ament_cmake_args': None, 'build_base': '/home/developer/ros2_ws/src/line_tracking_race/build/line_tracking_race_description', 'catkin_cmake_args': None, 'catkin_skip_building_tests': False, 'cmake_args': None, 'cmake_clean_cache': False, 'cmake_clean_first': False, 'cmake_force_configure': False, 'cmake_target': None, 'cmake_target_skip_unavailable': False, 'install_base': '/home/developer/ros2_ws/src/line_tracking_race/install/line_tracking_race_description', 'merge_install': False, 'path': '/home/developer/ros2_ws/src/line_tracking_race/line_tracking_race_description', 'symlink_install': False, 'test_result_base': None}
[0.111s] Level 5:colcon.colcon_core.verb:set package 'line_tracking_race_gazebo' build argument 'cmake_args' from command line to 'None'
[0.111s] Level 5:colcon.colcon_core.verb:set package 'line_tracking_race_gazebo' build argument 'cmake_target' from command line to 'None'
[0.111s] Level 5:colcon.colcon_core.verb:set package 'line_tracking_race_gazebo' build argument 'cmake_target_skip_unavailable' from command line to 'False'
[0.111s] Level 5:colcon.colcon_core.verb:set package 'line_tracking_race_gazebo' build argument 'cmake_clean_cache' from command line to 'False'
[0.111s] Level 5:colcon.colcon_core.verb:set package 'line_tracking_race_gazebo' build argument 'cmake_clean_first' from command line to 'False'
[0.111s] Level 5:colcon.colcon_core.verb:set package 'line_tracking_race_gazebo' build argument 'cmake_force_configure' from command line to 'False'
[0.111s] Level 5:colcon.colcon_core.verb:set package 'line_tracking_race_gazebo' build argument 'ament_cmake_args' from command line to 'None'
[0.111s] Level 5:colcon.colcon_core.verb:set package 'line_tracking_race_gazebo' build argument 'catkin_cmake_args' from command line to 'None'
[0.111s] Level 5:colcon.colcon_core.verb:set package 'line_tracking_race_gazebo' build argument 'catkin_skip_building_tests' from command line to 'False'
[0.111s] DEBUG:colcon.colcon_core.verb:Building package 'line_tracking_race_gazebo' with the following arguments: {'ament_cmake_args': None, 'build_base': '/home/developer/ros2_ws/src/line_tracking_race/build/line_tracking_race_gazebo', 'catkin_cmake_args': None, 'catkin_skip_building_tests': False, 'cmake_args': None, 'cmake_clean_cache': False, 'cmake_clean_first': False, 'cmake_force_configure': False, 'cmake_target': None, 'cmake_target_skip_unavailable': False, 'install_base': '/home/developer/ros2_ws/src/line_tracking_race/install/line_tracking_race_gazebo', 'merge_install': False, 'path': '/home/developer/ros2_ws/src/line_tracking_race/line_tracking_race_gazebo', 'symlink_install': False, 'test_result_base': None}
[0.111s] Level 5:colcon.colcon_core.verb:set package 'line_tracking_race_bringup' build argument 'cmake_args' from command line to 'None'
[0.111s] Level 5:colcon.colcon_core.verb:set package 'line_tracking_race_bringup' build argument 'cmake_target' from command line to 'None'
[0.111s] Level 5:colcon.colcon_core.verb:set package 'line_tracking_race_bringup' build argument 'cmake_target_skip_unavailable' from command line to 'False'
[0.111s] Level 5:colcon.colcon_core.verb:set package 'line_tracking_race_bringup' build argument 'cmake_clean_cache' from command line to 'False'
[0.111s] Level 5:colcon.colcon_core.verb:set package 'line_tracking_race_bringup' build argument 'cmake_clean_first' from command line to 'False'
[0.111s] Level 5:colcon.colcon_core.verb:set package 'line_tracking_race_bringup' build argument 'cmake_force_configure' from command line to 'False'
[0.111s] Level 5:colcon.colcon_core.verb:set package 'line_tracking_race_bringup' build argument 'ament_cmake_args' from command line to 'None'
[0.111s] Level 5:colcon.colcon_core.verb:set package 'line_tracking_race_bringup' build argument 'catkin_cmake_args' from command line to 'None'
[0.111s] Level 5:colcon.colcon_core.verb:set package 'line_tracking_race_bringup' build argument 'catkin_skip_building_tests' from command line to 'False'
[0.111s] DEBUG:colcon.colcon_core.verb:Building package 'line_tracking_race_bringup' with the following arguments: {'ament_cmake_args': None, 'build_base': '/home/developer/ros2_ws/src/line_tracking_race/build/line_tracking_race_bringup', 'catkin_cmake_args': None, 'catkin_skip_building_tests': False, 'cmake_args': None, 'cmake_clean_cache': False, 'cmake_clean_first': False, 'cmake_force_configure': False, 'cmake_target': None, 'cmake_target_skip_unavailable': False, 'install_base': '/home/developer/ros2_ws/src/line_tracking_race/install/line_tracking_race_bringup', 'merge_install': False, 'path': '/home/developer/ros2_ws/src/line_tracking_race/line_tracking_race_bringup', 'symlink_install': False, 'test_result_base': None}
[0.111s] INFO:colcon.colcon_core.executor:Executing jobs using 'parallel' executor
[0.112s] DEBUG:colcon.colcon_parallel_executor.executor.parallel:run_until_complete
[0.112s] INFO:colcon.colcon_ros.task.ament_cmake.build:Building ROS package in '/home/developer/ros2_ws/src/line_tracking_race/line_tracking_race_description' with build type 'ament_cmake'
[0.112s] INFO:colcon.colcon_cmake.task.cmake.build:Building CMake package in '/home/developer/ros2_ws/src/line_tracking_race/line_tracking_race_description'
[0.113s] INFO:colcon.colcon_core.plugin_system:Skipping extension 'colcon_core.shell.bat': Not used on non-Windows systems
[0.113s] INFO:colcon.colcon_core.shell:Skip shell extension 'powershell' for command environment: Not usable outside of PowerShell
[0.113s] DEBUG:colcon.colcon_core.shell:Skip shell extension 'dsv' for command environment
[0.116s] INFO:colcon.colcon_ros.task.ament_python.build:Building ROS package in '/home/developer/ros2_ws/src/line_tracking_race/line_tracking_race_application' with build type 'ament_python'
[0.116s] Level 1:colcon.colcon_core.shell:create_environment_hook('line_tracking_race_application', 'ament_prefix_path')
[0.116s] INFO:colcon.colcon_core.shell:Creating environment hook '/home/developer/ros2_ws/src/line_tracking_race/install/line_tracking_race_application/share/line_tracking_race_application/hook/ament_prefix_path.ps1'
[0.117s] INFO:colcon.colcon_core.shell:Creating environment descriptor '/home/developer/ros2_ws/src/line_tracking_race/install/line_tracking_race_application/share/line_tracking_race_application/hook/ament_prefix_path.dsv'
[0.117s] INFO:colcon.colcon_core.shell:Creating environment hook '/home/developer/ros2_ws/src/line_tracking_race/install/line_tracking_race_application/share/line_tracking_race_application/hook/ament_prefix_path.sh'
[0.117s] INFO:colcon.colcon_core.shell:Skip shell extension 'powershell' for command environment: Not usable outside of PowerShell
[0.117s] DEBUG:colcon.colcon_core.shell:Skip shell extension 'dsv' for command environment
[0.123s] DEBUG:colcon.colcon_core.event_handler.log_command:Invoking command in '/home/developer/ros2_ws/src/line_tracking_race/build/line_tracking_race_description': CMAKE_PREFIX_PATH=${CMAKE_PREFIX_PATH}:/home/developer/ros2_ws/install/dapozzo_line_tracking:/opt/ros/jazzy /usr/bin/cmake /home/developer/ros2_ws/src/line_tracking_race/line_tracking_race_description -DCMAKE_INSTALL_PREFIX=/home/developer/ros2_ws/src/line_tracking_race/install/line_tracking_race_description
[0.251s] INFO:colcon.colcon_core.task.python.build:Building Python package in '/home/developer/ros2_ws/src/line_tracking_race/line_tracking_race_application'
[0.251s] INFO:colcon.colcon_core.shell:Skip shell extension 'powershell' for command environment: Not usable outside of PowerShell
[0.251s] DEBUG:colcon.colcon_core.shell:Skip shell extension 'dsv' for command environment
[0.571s] DEBUG:colcon.colcon_core.event_handler.log_command:Invoking command in '/home/developer/ros2_ws/src/line_tracking_race/line_tracking_race_application': PYTHONPATH=/home/developer/ros2_ws/src/line_tracking_race/build/line_tracking_race_application/prefix_override:/usr/lib/python3/dist-packages/colcon_core/task/python/colcon_distutils_commands:/home/developer/ros2_ws/src/line_tracking_race/install/line_tracking_race_application/lib/python3.12/site-packages:${PYTHONPATH} /usr/bin/python3 -W ignore:setup.py install is deprecated -W ignore:easy_install command is deprecated setup.py egg_info --egg-base ../build/line_tracking_race_application build --build-base /home/developer/ros2_ws/src/line_tracking_race/build/line_tracking_race_application/build install --record /home/developer/ros2_ws/src/line_tracking_race/build/line_tracking_race_application/install.log --single-version-externally-managed install_data
[0.759s] DEBUG:colcon.colcon_core.event_handler.log_command:Invoked command in '/home/developer/ros2_ws/src/line_tracking_race/build/line_tracking_race_description' returned '0': CMAKE_PREFIX_PATH=${CMAKE_PREFIX_PATH}:/home/developer/ros2_ws/install/dapozzo_line_tracking:/opt/ros/jazzy /usr/bin/cmake /home/developer/ros2_ws/src/line_tracking_race/line_tracking_race_description -DCMAKE_INSTALL_PREFIX=/home/developer/ros2_ws/src/line_tracking_race/install/line_tracking_race_description
[0.761s] DEBUG:colcon.colcon_core.event_handler.log_command:Invoking command in '/home/developer/ros2_ws/src/line_tracking_race/build/line_tracking_race_description': CMAKE_PREFIX_PATH=${CMAKE_PREFIX_PATH}:/home/developer/ros2_ws/install/dapozzo_line_tracking:/opt/ros/jazzy /usr/bin/cmake --build /home/developer/ros2_ws/src/line_tracking_race/build/line_tracking_race_description -- -j22 -l22
[0.791s] DEBUG:colcon.colcon_core.event_handler.log_command:Invoked command in '/home/developer/ros2_ws/src/line_tracking_race/build/line_tracking_race_description' returned '0': CMAKE_PREFIX_PATH=${CMAKE_PREFIX_PATH}:/home/developer/ros2_ws/install/dapozzo_line_tracking:/opt/ros/jazzy /usr/bin/cmake --build /home/developer/ros2_ws/src/line_tracking_race/build/line_tracking_race_description -- -j22 -l22
[0.797s] DEBUG:colcon.colcon_core.event_handler.log_command:Invoking command in '/home/developer/ros2_ws/src/line_tracking_race/build/line_tracking_race_description': CMAKE_PREFIX_PATH=${CMAKE_PREFIX_PATH}:/home/developer/ros2_ws/install/dapozzo_line_tracking:/opt/ros/jazzy /usr/bin/cmake --install /home/developer/ros2_ws/src/line_tracking_race/build/line_tracking_race_description
[0.806s] Level 1:colcon.colcon_core.environment:create_environment_scripts_only(line_tracking_race_description)
[0.806s] DEBUG:colcon.colcon_core.event_handler.log_command:Invoked command in '/home/developer/ros2_ws/src/line_tracking_race/build/line_tracking_race_description' returned '0': CMAKE_PREFIX_PATH=${CMAKE_PREFIX_PATH}:/home/developer/ros2_ws/install/dapozzo_line_tracking:/opt/ros/jazzy /usr/bin/cmake --install /home/developer/ros2_ws/src/line_tracking_race/build/line_tracking_race_description
[0.808s] Level 1:colcon.colcon_core.environment:checking '/home/developer/ros2_ws/src/line_tracking_race/install/line_tracking_race_description' for CMake module files
[0.809s] Level 1:colcon.colcon_core.environment:checking '/home/developer/ros2_ws/src/line_tracking_race/install/line_tracking_race_description' for CMake config files
[0.809s] Level 1:colcon.colcon_core.shell:create_environment_hook('line_tracking_race_description', 'cmake_prefix_path')
[0.809s] INFO:colcon.colcon_core.shell:Creating environment hook '/home/developer/ros2_ws/src/line_tracking_race/install/line_tracking_race_description/share/line_tracking_race_description/hook/cmake_prefix_path.ps1'
[0.809s] INFO:colcon.colcon_core.shell:Creating environment descriptor '/home/developer/ros2_ws/src/line_tracking_race/install/line_tracking_race_description/share/line_tracking_race_description/hook/cmake_prefix_path.dsv'
[0.809s] INFO:colcon.colcon_core.shell:Creating environment hook '/home/developer/ros2_ws/src/line_tracking_race/install/line_tracking_race_description/share/line_tracking_race_description/hook/cmake_prefix_path.sh'
[0.810s] Level 1:colcon.colcon_core.environment:checking '/home/developer/ros2_ws/src/line_tracking_race/install/line_tracking_race_description/bin'
[0.810s] Level 1:colcon.colcon_core.environment:checking '/home/developer/ros2_ws/src/line_tracking_race/install/line_tracking_race_description/lib/pkgconfig/line_tracking_race_description.pc'
[0.810s] Level 1:colcon.colcon_core.environment:checking '/home/developer/ros2_ws/src/line_tracking_race/install/line_tracking_race_description/lib/python3.12/site-packages'
[0.810s] Level 1:colcon.colcon_core.environment:checking '/home/developer/ros2_ws/src/line_tracking_race/install/line_tracking_race_description/bin'
[0.810s] INFO:colcon.colcon_core.shell:Creating package script '/home/developer/ros2_ws/src/line_tracking_race/install/line_tracking_race_description/share/line_tracking_race_description/package.ps1'
[0.811s] INFO:colcon.colcon_core.shell:Creating package descriptor '/home/developer/ros2_ws/src/line_tracking_race/install/line_tracking_race_description/share/line_tracking_race_description/package.dsv'
[0.811s] INFO:colcon.colcon_core.shell:Creating package script '/home/developer/ros2_ws/src/line_tracking_race/install/line_tracking_race_description/share/line_tracking_race_description/package.sh'
[0.811s] INFO:colcon.colcon_core.shell:Creating package script '/home/developer/ros2_ws/src/line_tracking_race/install/line_tracking_race_description/share/line_tracking_race_description/package.bash'
[0.812s] INFO:colcon.colcon_core.shell:Creating package script '/home/developer/ros2_ws/src/line_tracking_race/install/line_tracking_race_description/share/line_tracking_race_description/package.zsh'
[0.812s] Level 1:colcon.colcon_core.environment:create_file_with_runtime_dependencies(/home/developer/ros2_ws/src/line_tracking_race/install/line_tracking_race_description/share/colcon-core/packages/line_tracking_race_description)
[0.812s] Level 1:colcon.colcon_core.environment:create_environment_scripts_only(line_tracking_race_description)
[0.812s] Level 1:colcon.colcon_core.environment:checking '/home/developer/ros2_ws/src/line_tracking_race/install/line_tracking_race_description' for CMake module files
[0.813s] Level 1:colcon.colcon_core.environment:checking '/home/developer/ros2_ws/src/line_tracking_race/install/line_tracking_race_description' for CMake config files
[0.813s] Level 1:colcon.colcon_core.shell:create_environment_hook('line_tracking_race_description', 'cmake_prefix_path')
[0.813s] INFO:colcon.colcon_core.shell:Creating environment hook '/home/developer/ros2_ws/src/line_tracking_race/install/line_tracking_race_description/share/line_tracking_race_description/hook/cmake_prefix_path.ps1'
[0.813s] INFO:colcon.colcon_core.shell:Creating environment descriptor '/home/developer/ros2_ws/src/line_tracking_race/install/line_tracking_race_description/share/line_tracking_race_description/hook/cmake_prefix_path.dsv'
[0.813s] INFO:colcon.colcon_core.shell:Creating environment hook '/home/developer/ros2_ws/src/line_tracking_race/install/line_tracking_race_description/share/line_tracking_race_description/hook/cmake_prefix_path.sh'
[0.813s] Level 1:colcon.colcon_core.environment:checking '/home/developer/ros2_ws/src/line_tracking_race/install/line_tracking_race_description/bin'
[0.813s] Level 1:colcon.colcon_core.environment:checking '/home/developer/ros2_ws/src/line_tracking_race/install/line_tracking_race_description/lib/pkgconfig/line_tracking_race_description.pc'
[0.814s] Level 1:colcon.colcon_core.environment:checking '/home/developer/ros2_ws/src/line_tracking_race/install/line_tracking_race_description/lib/python3.12/site-packages'
[0.814s] Level 1:colcon.colcon_core.environment:checking '/home/developer/ros2_ws/src/line_tracking_race/install/line_tracking_race_description/bin'
[0.814s] INFO:colcon.colcon_core.shell:Creating package script '/home/developer/ros2_ws/src/line_tracking_race/install/line_tracking_race_description/share/line_tracking_race_description/package.ps1'
[0.814s] INFO:colcon.colcon_core.shell:Creating package descriptor '/home/developer/ros2_ws/src/line_tracking_race/install/line_tracking_race_description/share/line_tracking_race_description/package.dsv'
[0.814s] INFO:colcon.colcon_core.shell:Creating package script '/home/developer/ros2_ws/src/line_tracking_race/install/line_tracking_race_description/share/line_tracking_race_description/package.sh'
[0.814s] INFO:colcon.colcon_core.shell:Creating package script '/home/developer/ros2_ws/src/line_tracking_race/install/line_tracking_race_description/share/line_tracking_race_description/package.bash'
[0.815s] INFO:colcon.colcon_core.shell:Creating package script '/home/developer/ros2_ws/src/line_tracking_race/install/line_tracking_race_description/share/line_tracking_race_description/package.zsh'
[0.815s] Level 1:colcon.colcon_core.environment:create_file_with_runtime_dependencies(/home/developer/ros2_ws/src/line_tracking_race/install/line_tracking_race_description/share/colcon-core/packages/line_tracking_race_description)
[0.815s] INFO:colcon.colcon_ros.task.ament_cmake.build:Building ROS package in '/home/developer/ros2_ws/src/line_tracking_race/line_tracking_race_gazebo' with build type 'ament_cmake'
[0.815s] INFO:colcon.colcon_cmake.task.cmake.build:Building CMake package in '/home/developer/ros2_ws/src/line_tracking_race/line_tracking_race_gazebo'
[0.815s] INFO:colcon.colcon_core.shell:Skip shell extension 'powershell' for command environment: Not usable outside of PowerShell
[0.815s] DEBUG:colcon.colcon_core.shell:Skip shell extension 'dsv' for command environment
[0.822s] DEBUG:colcon.colcon_core.event_handler.log_command:Invoking command in '/home/developer/ros2_ws/src/line_tracking_race/build/line_tracking_race_gazebo': AMENT_PREFIX_PATH=/home/developer/ros2_ws/src/line_tracking_race/install/line_tracking_race_description:${AMENT_PREFIX_PATH} CMAKE_PREFIX_PATH=/home/developer/ros2_ws/src/line_tracking_race/install/line_tracking_race_description:/home/developer/ros2_ws/install/line_tracking_race_bringup:/home/developer/ros2_ws/install/line_tracking_race_gazebo:/home/developer/ros2_ws/install/line_tracking_race_description:/home/developer/ros2_ws/install/line_tracking_race_application:/opt/ros/jazzy/opt/gz_sim_vendor:/opt/ros/jazzy/opt/gz_sensors_vendor:/opt/ros/jazzy/opt/gz_physics_vendor:/opt/ros/jazzy/opt/sdformat_vendor:/opt/ros/jazzy/opt/gz_gui_vendor:/opt/ros/jazzy/opt/gz_transport_vendor:/opt/ros/jazzy/opt/gz_rendering_vendor:/opt/ros/jazzy/opt/gz_plugin_vendor:/opt/ros/jazzy/opt/gz_fuel_tools_vendor:/opt/ros/jazzy/opt/gz_msgs_vendor:/opt/ros/jazzy/opt/gz_common_vendor:/opt/ros/jazzy/opt/gz_math_vendor:/opt/ros/jazzy/opt/gz_utils_vendor:/opt/ros/jazzy/opt/gz_tools_vendor:/opt/ros/jazzy/opt/gz_ogre_next_vendor:/opt/ros/jazzy/opt/gz_dartsim_vendor:/opt/ros/jazzy/opt/gz_cmake_vendor:/home/developer/ros2_ws/install/dapozzo_line_tracking:/opt/ros/jazzy GZ_SIM_RESOURCE_PATH=/home/developer/ros2_ws/src/line_tracking_race/install/line_tracking_race_description/share/line_tracking_race_description/models:${GZ_SIM_RESOURCE_PATH} /usr/bin/cmake /home/developer/ros2_ws/src/line_tracking_race/line_tracking_race_gazebo -DCMAKE_INSTALL_PREFIX=/home/developer/ros2_ws/src/line_tracking_race/install/line_tracking_race_gazebo
[0.874s] Level 1:colcon.colcon_core.environment:checking '/home/developer/ros2_ws/src/line_tracking_race/install/line_tracking_race_application' for CMake module files
[0.875s] DEBUG:colcon.colcon_core.event_handler.log_command:Invoked command in '/home/developer/ros2_ws/src/line_tracking_race/line_tracking_race_application' returned '0': PYTHONPATH=/home/developer/ros2_ws/src/line_tracking_race/build/line_tracking_race_application/prefix_override:/usr/lib/python3/dist-packages/colcon_core/task/python/colcon_distutils_commands:/home/developer/ros2_ws/src/line_tracking_race/install/line_tracking_race_application/lib/python3.12/site-packages:${PYTHONPATH} /usr/bin/python3 -W ignore:setup.py install is deprecated -W ignore:easy_install command is deprecated setup.py egg_info --egg-base ../build/line_tracking_race_application build --build-base /home/developer/ros2_ws/src/line_tracking_race/build/line_tracking_race_application/build install --record /home/developer/ros2_ws/src/line_tracking_race/build/line_tracking_race_application/install.log --single-version-externally-managed install_data
[0.875s] Level 1:colcon.colcon_core.environment:checking '/home/developer/ros2_ws/src/line_tracking_race/install/line_tracking_race_application' for CMake config files
[0.876s] Level 1:colcon.colcon_core.environment:checking '/home/developer/ros2_ws/src/line_tracking_race/install/line_tracking_race_application/lib'
[0.876s] Level 1:colcon.colcon_core.environment:checking '/home/developer/ros2_ws/src/line_tracking_race/install/line_tracking_race_application/bin'
[0.876s] Level 1:colcon.colcon_core.environment:checking '/home/developer/ros2_ws/src/line_tracking_race/install/line_tracking_race_application/lib/pkgconfig/line_tracking_race_application.pc'
[0.876s] Level 1:colcon.colcon_core.environment:checking '/home/developer/ros2_ws/src/line_tracking_race/install/line_tracking_race_application/lib/python3.12/site-packages'
[0.877s] Level 1:colcon.colcon_core.shell:create_environment_hook('line_tracking_race_application', 'pythonpath')
[0.877s] INFO:colcon.colcon_core.shell:Creating environment hook '/home/developer/ros2_ws/src/line_tracking_race/install/line_tracking_race_application/share/line_tracking_race_application/hook/pythonpath.ps1'
[0.877s] INFO:colcon.colcon_core.shell:Creating environment descriptor '/home/developer/ros2_ws/src/line_tracking_race/install/line_tracking_race_application/share/line_tracking_race_application/hook/pythonpath.dsv'
[0.877s] INFO:colcon.colcon_core.shell:Creating environment hook '/home/developer/ros2_ws/src/line_tracking_race/install/line_tracking_race_application/share/line_tracking_race_application/hook/pythonpath.sh'
[0.878s] Level 1:colcon.colcon_core.environment:checking '/home/developer/ros2_ws/src/line_tracking_race/install/line_tracking_race_application/bin'
[0.878s] Level 1:colcon.colcon_core.environment:create_environment_scripts_only(line_tracking_race_application)
[0.878s] INFO:colcon.colcon_core.shell:Creating package script '/home/developer/ros2_ws/src/line_tracking_race/install/line_tracking_race_application/share/line_tracking_race_application/package.ps1'
[0.878s] INFO:colcon.colcon_core.shell:Creating package descriptor '/home/developer/ros2_ws/src/line_tracking_race/install/line_tracking_race_application/share/line_tracking_race_application/package.dsv'
[0.879s] INFO:colcon.colcon_core.shell:Creating package script '/home/developer/ros2_ws/src/line_tracking_race/install/line_tracking_race_application/share/line_tracking_race_application/package.sh'
[0.879s] INFO:colcon.colcon_core.shell:Creating package script '/home/developer/ros2_ws/src/line_tracking_race/install/line_tracking_race_application/share/line_tracking_race_application/package.bash'
[0.879s] INFO:colcon.colcon_core.shell:Creating package script '/home/developer/ros2_ws/src/line_tracking_race/install/line_tracking_race_application/share/line_tracking_race_application/package.zsh'
[0.879s] Level 1:colcon.colcon_core.environment:create_file_with_runtime_dependencies(/home/developer/ros2_ws/src/line_tracking_race/install/line_tracking_race_application/share/colcon-core/packages/line_tracking_race_application)
[2.401s] DEBUG:colcon.colcon_core.event_handler.log_command:Invoked command in '/home/developer/ros2_ws/src/line_tracking_race/build/line_tracking_race_gazebo' returned '0': AMENT_PREFIX_PATH=/home/developer/ros2_ws/src/line_tracking_race/install/line_tracking_race_description:${AMENT_PREFIX_PATH} CMAKE_PREFIX_PATH=/home/developer/ros2_ws/src/line_tracking_race/install/line_tracking_race_description:/home/developer/ros2_ws/install/line_tracking_race_bringup:/home/developer/ros2_ws/install/line_tracking_race_gazebo:/home/developer/ros2_ws/install/line_tracking_race_description:/home/developer/ros2_ws/install/line_tracking_race_application:/opt/ros/jazzy/opt/gz_sim_vendor:/opt/ros/jazzy/opt/gz_sensors_vendor:/opt/ros/jazzy/opt/gz_physics_vendor:/opt/ros/jazzy/opt/sdformat_vendor:/opt/ros/jazzy/opt/gz_gui_vendor:/opt/ros/jazzy/opt/gz_transport_vendor:/opt/ros/jazzy/opt/gz_rendering_vendor:/opt/ros/jazzy/opt/gz_plugin_vendor:/opt/ros/jazzy/opt/gz_fuel_tools_vendor:/opt/ros/jazzy/opt/gz_msgs_vendor:/opt/ros/jazzy/opt/gz_common_vendor:/opt/ros/jazzy/opt/gz_math_vendor:/opt/ros/jazzy/opt/gz_utils_vendor:/opt/ros/jazzy/opt/gz_tools_vendor:/opt/ros/jazzy/opt/gz_ogre_next_vendor:/opt/ros/jazzy/opt/gz_dartsim_vendor:/opt/ros/jazzy/opt/gz_cmake_vendor:/home/developer/ros2_ws/install/dapozzo_line_tracking:/opt/ros/jazzy GZ_SIM_RESOURCE_PATH=/home/developer/ros2_ws/src/line_tracking_race/install/line_tracking_race_description/share/line_tracking_race_description/models:${GZ_SIM_RESOURCE_PATH} /usr/bin/cmake /home/developer/ros2_ws/src/line_tracking_race/line_tracking_race_gazebo -DCMAKE_INSTALL_PREFIX=/home/developer/ros2_ws/src/line_tracking_race/install/line_tracking_race_gazebo
[2.402s] DEBUG:colcon.colcon_core.event_handler.log_command:Invoking command in '/home/developer/ros2_ws/src/line_tracking_race/build/line_tracking_race_gazebo': AMENT_PREFIX_PATH=/home/developer/ros2_ws/src/line_tracking_race/install/line_tracking_race_description:${AMENT_PREFIX_PATH} CMAKE_PREFIX_PATH=/home/developer/ros2_ws/src/line_tracking_race/install/line_tracking_race_description:/home/developer/ros2_ws/install/line_tracking_race_bringup:/home/developer/ros2_ws/install/line_tracking_race_gazebo:/home/developer/ros2_ws/install/line_tracking_race_description:/home/developer/ros2_ws/install/line_tracking_race_application:/opt/ros/jazzy/opt/gz_sim_vendor:/opt/ros/jazzy/opt/gz_sensors_vendor:/opt/ros/jazzy/opt/gz_physics_vendor:/opt/ros/jazzy/opt/sdformat_vendor:/opt/ros/jazzy/opt/gz_gui_vendor:/opt/ros/jazzy/opt/gz_transport_vendor:/opt/ros/jazzy/opt/gz_rendering_vendor:/opt/ros/jazzy/opt/gz_plugin_vendor:/opt/ros/jazzy/opt/gz_fuel_tools_vendor:/opt/ros/jazzy/opt/gz_msgs_vendor:/opt/ros/jazzy/opt/gz_common_vendor:/opt/ros/jazzy/opt/gz_math_vendor:/opt/ros/jazzy/opt/gz_utils_vendor:/opt/ros/jazzy/opt/gz_tools_vendor:/opt/ros/jazzy/opt/gz_ogre_next_vendor:/opt/ros/jazzy/opt/gz_dartsim_vendor:/opt/ros/jazzy/opt/gz_cmake_vendor:/home/developer/ros2_ws/install/dapozzo_line_tracking:/opt/ros/jazzy GZ_SIM_RESOURCE_PATH=/home/developer/ros2_ws/src/line_tracking_race/install/line_tracking_race_description/share/line_tracking_race_description/models:${GZ_SIM_RESOURCE_PATH} /usr/bin/cmake --build /home/developer/ros2_ws/src/line_tracking_race/build/line_tracking_race_gazebo -- -j22 -l22
[2.439s] DEBUG:colcon.colcon_core.event_handler.log_command:Invoked command in '/home/developer/ros2_ws/src/line_tracking_race/build/line_tracking_race_gazebo' returned '0': AMENT_PREFIX_PATH=/home/developer/ros2_ws/src/line_tracking_race/install/line_tracking_race_description:${AMENT_PREFIX_PATH} CMAKE_PREFIX_PATH=/home/developer/ros2_ws/src/line_tracking_race/install/line_tracking_race_description:/home/developer/ros2_ws/install/line_tracking_race_bringup:/home/developer/ros2_ws/install/line_tracking_race_gazebo:/home/developer/ros2_ws/install/line_tracking_race_description:/home/developer/ros2_ws/install/line_tracking_race_application:/opt/ros/jazzy/opt/gz_sim_vendor:/opt/ros/jazzy/opt/gz_sensors_vendor:/opt/ros/jazzy/opt/gz_physics_vendor:/opt/ros/jazzy/opt/sdformat_vendor:/opt/ros/jazzy/opt/gz_gui_vendor:/opt/ros/jazzy/opt/gz_transport_vendor:/opt/ros/jazzy/opt/gz_rendering_vendor:/opt/ros/jazzy/opt/gz_plugin_vendor:/opt/ros/jazzy/opt/gz_fuel_tools_vendor:/opt/ros/jazzy/opt/gz_msgs_vendor:/opt/ros/jazzy/opt/gz_common_vendor:/opt/ros/jazzy/opt/gz_math_vendor:/opt/ros/jazzy/opt/gz_utils_vendor:/opt/ros/jazzy/opt/gz_tools_vendor:/opt/ros/jazzy/opt/gz_ogre_next_vendor:/opt/ros/jazzy/opt/gz_dartsim_vendor:/opt/ros/jazzy/opt/gz_cmake_vendor:/home/developer/ros2_ws/install/dapozzo_line_tracking:/opt/ros/jazzy GZ_SIM_RESOURCE_PATH=/home/developer/ros2_ws/src/line_tracking_race/install/line_tracking_race_description/share/line_tracking_race_description/models:${GZ_SIM_RESOURCE_PATH} /usr/bin/cmake --build /home/developer/ros2_ws/src/line_tracking_race/build/line_tracking_race_gazebo -- -j22 -l22
[2.440s] DEBUG:colcon.colcon_core.event_handler.log_command:Invoking command in '/home/developer/ros2_ws/src/line_tracking_race/build/line_tracking_race_gazebo': AMENT_PREFIX_PATH=/home/developer/ros2_ws/src/line_tracking_race/install/line_tracking_race_description:${AMENT_PREFIX_PATH} CMAKE_PREFIX_PATH=/home/developer/ros2_ws/src/line_tracking_race/install/line_tracking_race_description:/home/developer/ros2_ws/install/line_tracking_race_bringup:/home/developer/ros2_ws/install/line_tracking_race_gazebo:/home/developer/ros2_ws/install/line_tracking_race_description:/home/developer/ros2_ws/install/line_tracking_race_application:/opt/ros/jazzy/opt/gz_sim_vendor:/opt/ros/jazzy/opt/gz_sensors_vendor:/opt/ros/jazzy/opt/gz_physics_vendor:/opt/ros/jazzy/opt/sdformat_vendor:/opt/ros/jazzy/opt/gz_gui_vendor:/opt/ros/jazzy/opt/gz_transport_vendor:/opt/ros/jazzy/opt/gz_rendering_vendor:/opt/ros/jazzy/opt/gz_plugin_vendor:/opt/ros/jazzy/opt/gz_fuel_tools_vendor:/opt/ros/jazzy/opt/gz_msgs_vendor:/opt/ros/jazzy/opt/gz_common_vendor:/opt/ros/jazzy/opt/gz_math_vendor:/opt/ros/jazzy/opt/gz_utils_vendor:/opt/ros/jazzy/opt/gz_tools_vendor:/opt/ros/jazzy/opt/gz_ogre_next_vendor:/opt/ros/jazzy/opt/gz_dartsim_vendor:/opt/ros/jazzy/opt/gz_cmake_vendor:/home/developer/ros2_ws/install/dapozzo_line_tracking:/opt/ros/jazzy GZ_SIM_RESOURCE_PATH=/home/developer/ros2_ws/src/line_tracking_race/install/line_tracking_race_description/share/line_tracking_race_description/models:${GZ_SIM_RESOURCE_PATH} /usr/bin/cmake --install /home/developer/ros2_ws/src/line_tracking_race/build/line_tracking_race_gazebo
[2.450s] Level 1:colcon.colcon_core.environment:create_environment_scripts_only(line_tracking_race_gazebo)
[2.450s] Level 1:colcon.colcon_core.environment:checking '/home/developer/ros2_ws/src/line_tracking_race/install/line_tracking_race_gazebo' for CMake module files
[2.450s] DEBUG:colcon.colcon_core.event_handler.log_command:Invoked command in '/home/developer/ros2_ws/src/line_tracking_race/build/line_tracking_race_gazebo' returned '0': AMENT_PREFIX_PATH=/home/developer/ros2_ws/src/line_tracking_race/install/line_tracking_race_description:${AMENT_PREFIX_PATH} CMAKE_PREFIX_PATH=/home/developer/ros2_ws/src/line_tracking_race/install/line_tracking_race_description:/home/developer/ros2_ws/install/line_tracking_race_bringup:/home/developer/ros2_ws/install/line_tracking_race_gazebo:/home/developer/ros2_ws/install/line_tracking_race_description:/home/developer/ros2_ws/install/line_tracking_race_application:/opt/ros/jazzy/opt/gz_sim_vendor:/opt/ros/jazzy/opt/gz_sensors_vendor:/opt/ros/jazzy/opt/gz_physics_vendor:/opt/ros/jazzy/opt/sdformat_vendor:/opt/ros/jazzy/opt/gz_gui_vendor:/opt/ros/jazzy/opt/gz_transport_vendor:/opt/ros/jazzy/opt/gz_rendering_vendor:/opt/ros/jazzy/opt/gz_plugin_vendor:/opt/ros/jazzy/opt/gz_fuel_tools_vendor:/opt/ros/jazzy/opt/gz_msgs_vendor:/opt/ros/jazzy/opt/gz_common_vendor:/opt/ros/jazzy/opt/gz_math_vendor:/opt/ros/jazzy/opt/gz_utils_vendor:/opt/ros/jazzy/opt/gz_tools_vendor:/opt/ros/jazzy/opt/gz_ogre_next_vendor:/opt/ros/jazzy/opt/gz_dartsim_vendor:/opt/ros/jazzy/opt/gz_cmake_vendor:/home/developer/ros2_ws/install/dapozzo_line_tracking:/opt/ros/jazzy GZ_SIM_RESOURCE_PATH=/home/developer/ros2_ws/src/line_tracking_race/install/line_tracking_race_description/share/line_tracking_race_description/models:${GZ_SIM_RESOURCE_PATH} /usr/bin/cmake --install /home/developer/ros2_ws/src/line_tracking_race/build/line_tracking_race_gazebo
[2.450s] Level 1:colcon.colcon_core.environment:checking '/home/developer/ros2_ws/src/line_tracking_race/install/line_tracking_race_gazebo' for CMake config files
[2.451s] Level 1:colcon.colcon_core.shell:create_environment_hook('line_tracking_race_gazebo', 'cmake_prefix_path')
[2.451s] INFO:colcon.colcon_core.shell:Creating environment hook '/home/developer/ros2_ws/src/line_tracking_race/install/line_tracking_race_gazebo/share/line_tracking_race_gazebo/hook/cmake_prefix_path.ps1'
[2.451s] INFO:colcon.colcon_core.shell:Creating environment descriptor '/home/developer/ros2_ws/src/line_tracking_race/install/line_tracking_race_gazebo/share/line_tracking_race_gazebo/hook/cmake_prefix_path.dsv'
[2.451s] INFO:colcon.colcon_core.shell:Creating environment hook '/home/developer/ros2_ws/src/line_tracking_race/install/line_tracking_race_gazebo/share/line_tracking_race_gazebo/hook/cmake_prefix_path.sh'
[2.451s] Level 1:colcon.colcon_core.environment:checking '/home/developer/ros2_ws/src/line_tracking_race/install/line_tracking_race_gazebo/bin'
[2.451s] Level 1:colcon.colcon_core.environment:checking '/home/developer/ros2_ws/src/line_tracking_race/install/line_tracking_race_gazebo/lib/pkgconfig/line_tracking_race_gazebo.pc'
[2.452s] Level 1:colcon.colcon_core.environment:checking '/home/developer/ros2_ws/src/line_tracking_race/install/line_tracking_race_gazebo/lib/python3.12/site-packages'
[2.452s] Level 1:colcon.colcon_core.environment:checking '/home/developer/ros2_ws/src/line_tracking_race/install/line_tracking_race_gazebo/bin'
[2.452s] INFO:colcon.colcon_core.shell:Creating package script '/home/developer/ros2_ws/src/line_tracking_race/install/line_tracking_race_gazebo/share/line_tracking_race_gazebo/package.ps1'
[2.452s] INFO:colcon.colcon_core.shell:Creating package descriptor '/home/developer/ros2_ws/src/line_tracking_race/install/line_tracking_race_gazebo/share/line_tracking_race_gazebo/package.dsv'
[2.452s] INFO:colcon.colcon_core.shell:Creating package script '/home/developer/ros2_ws/src/line_tracking_race/install/line_tracking_race_gazebo/share/line_tracking_race_gazebo/package.sh'
[2.452s] INFO:colcon.colcon_core.shell:Creating package script '/home/developer/ros2_ws/src/line_tracking_race/install/line_tracking_race_gazebo/share/line_tracking_race_gazebo/package.bash'
[2.453s] INFO:colcon.colcon_core.shell:Creating package script '/home/developer/ros2_ws/src/line_tracking_race/install/line_tracking_race_gazebo/share/line_tracking_race_gazebo/package.zsh'
[2.453s] Level 1:colcon.colcon_core.environment:create_file_with_runtime_dependencies(/home/developer/ros2_ws/src/line_tracking_race/install/line_tracking_race_gazebo/share/colcon-core/packages/line_tracking_race_gazebo)
[2.453s] Level 1:colcon.colcon_core.environment:create_environment_scripts_only(line_tracking_race_gazebo)
[2.453s] Level 1:colcon.colcon_core.environment:checking '/home/developer/ros2_ws/src/line_tracking_race/install/line_tracking_race_gazebo' for CMake module files
[2.453s] Level 1:colcon.colcon_core.environment:checking '/home/developer/ros2_ws/src/line_tracking_race/install/line_tracking_race_gazebo' for CMake config files
[2.453s] Level 1:colcon.colcon_core.shell:create_environment_hook('line_tracking_race_gazebo', 'cmake_prefix_path')
[2.453s] INFO:colcon.colcon_core.shell:Creating environment hook '/home/developer/ros2_ws/src/line_tracking_race/install/line_tracking_race_gazebo/share/line_tracking_race_gazebo/hook/cmake_prefix_path.ps1'
[2.454s] INFO:colcon.colcon_core.shell:Creating environment descriptor '/home/developer/ros2_ws/src/line_tracking_race/install/line_tracking_race_gazebo/share/line_tracking_race_gazebo/hook/cmake_prefix_path.dsv'
[2.454s] INFO:colcon.colcon_core.shell:Creating environment hook '/home/developer/ros2_ws/src/line_tracking_race/install/line_tracking_race_gazebo/share/line_tracking_race_gazebo/hook/cmake_prefix_path.sh'
[2.454s] Level 1:colcon.colcon_core.environment:checking '/home/developer/ros2_ws/src/line_tracking_race/install/line_tracking_race_gazebo/bin'
[2.454s] Level 1:colcon.colcon_core.environment:checking '/home/developer/ros2_ws/src/line_tracking_race/install/line_tracking_race_gazebo/lib/pkgconfig/line_tracking_race_gazebo.pc'
[2.454s] Level 1:colcon.colcon_core.environment:checking '/home/developer/ros2_ws/src/line_tracking_race/install/line_tracking_race_gazebo/lib/python3.12/site-packages'
[2.454s] Level 1:colcon.colcon_core.environment:checking '/home/developer/ros2_ws/src/line_tracking_race/install/line_tracking_race_gazebo/bin'
[2.454s] INFO:colcon.colcon_core.shell:Creating package script '/home/developer/ros2_ws/src/line_tracking_race/install/line_tracking_race_gazebo/share/line_tracking_race_gazebo/package.ps1'
[2.455s] INFO:colcon.colcon_core.shell:Creating package descriptor '/home/developer/ros2_ws/src/line_tracking_race/install/line_tracking_race_gazebo/share/line_tracking_race_gazebo/package.dsv'
[2.455s] INFO:colcon.colcon_core.shell:Creating package script '/home/developer/ros2_ws/src/line_tracking_race/install/line_tracking_race_gazebo/share/line_tracking_race_gazebo/package.sh'
[2.455s] INFO:colcon.colcon_core.shell:Creating package script '/home/developer/ros2_ws/src/line_tracking_race/install/line_tracking_race_gazebo/share/line_tracking_race_gazebo/package.bash'
[2.455s] INFO:colcon.colcon_core.shell:Creating package script '/home/developer/ros2_ws/src/line_tracking_race/install/line_tracking_race_gazebo/share/line_tracking_race_gazebo/package.zsh'
[2.456s] Level 1:colcon.colcon_core.environment:create_file_with_runtime_dependencies(/home/developer/ros2_ws/src/line_tracking_race/install/line_tracking_race_gazebo/share/colcon-core/packages/line_tracking_race_gazebo)
[2.456s] INFO:colcon.colcon_ros.task.ament_cmake.build:Building ROS package in '/home/developer/ros2_ws/src/line_tracking_race/line_tracking_race_bringup' with build type 'ament_cmake'
[2.456s] INFO:colcon.colcon_cmake.task.cmake.build:Building CMake package in '/home/developer/ros2_ws/src/line_tracking_race/line_tracking_race_bringup'
[2.457s] INFO:colcon.colcon_core.shell:Skip shell extension 'powershell' for command environment: Not usable outside of PowerShell
[2.457s] DEBUG:colcon.colcon_core.shell:Skip shell extension 'dsv' for command environment
[2.465s] DEBUG:colcon.colcon_core.event_handler.log_command:Invoking command in '/home/developer/ros2_ws/src/line_tracking_race/build/line_tracking_race_bringup': AMENT_PREFIX_PATH=/home/developer/ros2_ws/src/line_tracking_race/install/line_tracking_race_gazebo:/home/developer/ros2_ws/src/line_tracking_race/install/line_tracking_race_description:${AMENT_PREFIX_PATH} CMAKE_PREFIX_PATH=/home/developer/ros2_ws/src/line_tracking_race/install/line_tracking_race_gazebo:/home/developer/ros2_ws/src/line_tracking_race/install/line_tracking_race_description:/home/developer/ros2_ws/install/line_tracking_race_bringup:/home/developer/ros2_ws/install/line_tracking_race_gazebo:/home/developer/ros2_ws/install/line_tracking_race_description:/home/developer/ros2_ws/install/line_tracking_race_application:/opt/ros/jazzy/opt/gz_sim_vendor:/opt/ros/jazzy/opt/gz_sensors_vendor:/opt/ros/jazzy/opt/gz_physics_vendor:/opt/ros/jazzy/opt/sdformat_vendor:/opt/ros/jazzy/opt/gz_gui_vendor:/opt/ros/jazzy/opt/gz_transport_vendor:/opt/ros/jazzy/opt/gz_rendering_vendor:/opt/ros/jazzy/opt/gz_plugin_vendor:/opt/ros/jazzy/opt/gz_fuel_tools_vendor:/opt/ros/jazzy/opt/gz_msgs_vendor:/opt/ros/jazzy/opt/gz_common_vendor:/opt/ros/jazzy/opt/gz_math_vendor:/opt/ros/jazzy/opt/gz_utils_vendor:/opt/ros/jazzy/opt/gz_tools_vendor:/opt/ros/jazzy/opt/gz_ogre_next_vendor:/opt/ros/jazzy/opt/gz_dartsim_vendor:/opt/ros/jazzy/opt/gz_cmake_vendor:/home/developer/ros2_ws/install/dapozzo_line_tracking:/opt/ros/jazzy GZ_SIM_RESOURCE_PATH=/home/developer/ros2_ws/src/line_tracking_race/install/line_tracking_race_gazebo/share/line_tracking_race_gazebo/worlds:/home/developer/ros2_ws/src/line_tracking_race/install/line_tracking_race_description/share/line_tracking_race_description/models:${GZ_SIM_RESOURCE_PATH} /usr/bin/cmake /home/developer/ros2_ws/src/line_tracking_race/line_tracking_race_bringup -DCMAKE_INSTALL_PREFIX=/home/developer/ros2_ws/src/line_tracking_race/install/line_tracking_race_bringup
[2.987s] DEBUG:colcon.colcon_core.event_handler.log_command:Invoked command in '/home/developer/ros2_ws/src/line_tracking_race/build/line_tracking_race_bringup' returned '0': AMENT_PREFIX_PATH=/home/developer/ros2_ws/src/line_tracking_race/install/line_tracking_race_gazebo:/home/developer/ros2_ws/src/line_tracking_race/install/line_tracking_race_description:${AMENT_PREFIX_PATH} CMAKE_PREFIX_PATH=/home/developer/ros2_ws/src/line_tracking_race/install/line_tracking_race_gazebo:/home/developer/ros2_ws/src/line_tracking_race/install/line_tracking_race_description:/home/developer/ros2_ws/install/line_tracking_race_bringup:/home/developer/ros2_ws/install/line_tracking_race_gazebo:/home/developer/ros2_ws/install/line_tracking_race_description:/home/developer/ros2_ws/install/line_tracking_race_application:/opt/ros/jazzy/opt/gz_sim_vendor:/opt/ros/jazzy/opt/gz_sensors_vendor:/opt/ros/jazzy/opt/gz_physics_vendor:/opt/ros/jazzy/opt/sdformat_vendor:/opt/ros/jazzy/opt/gz_gui_vendor:/opt/ros/jazzy/opt/gz_transport_vendor:/opt/ros/jazzy/opt/gz_rendering_vendor:/opt/ros/jazzy/opt/gz_plugin_vendor:/opt/ros/jazzy/opt/gz_fuel_tools_vendor:/opt/ros/jazzy/opt/gz_msgs_vendor:/opt/ros/jazzy/opt/gz_common_vendor:/opt/ros/jazzy/opt/gz_math_vendor:/opt/ros/jazzy/opt/gz_utils_vendor:/opt/ros/jazzy/opt/gz_tools_vendor:/opt/ros/jazzy/opt/gz_ogre_next_vendor:/opt/ros/jazzy/opt/gz_dartsim_vendor:/opt/ros/jazzy/opt/gz_cmake_vendor:/home/developer/ros2_ws/install/dapozzo_line_tracking:/opt/ros/jazzy GZ_SIM_RESOURCE_PATH=/home/developer/ros2_ws/src/line_tracking_race/install/line_tracking_race_gazebo/share/line_tracking_race_gazebo/worlds:/home/developer/ros2_ws/src/line_tracking_race/install/line_tracking_race_description/share/line_tracking_race_description/models:${GZ_SIM_RESOURCE_PATH} /usr/bin/cmake /home/developer/ros2_ws/src/line_tracking_race/line_tracking_race_bringup -DCMAKE_INSTALL_PREFIX=/home/developer/ros2_ws/src/line_tracking_race/install/line_tracking_race_bringup
[2.988s] DEBUG:colcon.colcon_core.event_handler.log_command:Invoking command in '/home/developer/ros2_ws/src/line_tracking_race/build/line_tracking_race_bringup': AMENT_PREFIX_PATH=/home/developer/ros2_ws/src/line_tracking_race/install/line_tracking_race_gazebo:/home/developer/ros2_ws/src/line_tracking_race/install/line_tracking_race_description:${AMENT_PREFIX_PATH} CMAKE_PREFIX_PATH=/home/developer/ros2_ws/src/line_tracking_race/install/line_tracking_race_gazebo:/home/developer/ros2_ws/src/line_tracking_race/install/line_tracking_race_description:/home/developer/ros2_ws/install/line_tracking_race_bringup:/home/developer/ros2_ws/install/line_tracking_race_gazebo:/home/developer/ros2_ws/install/line_tracking_race_description:/home/developer/ros2_ws/install/line_tracking_race_application:/opt/ros/jazzy/opt/gz_sim_vendor:/opt/ros/jazzy/opt/gz_sensors_vendor:/opt/ros/jazzy/opt/gz_physics_vendor:/opt/ros/jazzy/opt/sdformat_vendor:/opt/ros/jazzy/opt/gz_gui_vendor:/opt/ros/jazzy/opt/gz_transport_vendor:/opt/ros/jazzy/opt/gz_rendering_vendor:/opt/ros/jazzy/opt/gz_plugin_vendor:/opt/ros/jazzy/opt/gz_fuel_tools_vendor:/opt/ros/jazzy/opt/gz_msgs_vendor:/opt/ros/jazzy/opt/gz_common_vendor:/opt/ros/jazzy/opt/gz_math_vendor:/opt/ros/jazzy/opt/gz_utils_vendor:/opt/ros/jazzy/opt/gz_tools_vendor:/opt/ros/jazzy/opt/gz_ogre_next_vendor:/opt/ros/jazzy/opt/gz_dartsim_vendor:/opt/ros/jazzy/opt/gz_cmake_vendor:/home/developer/ros2_ws/install/dapozzo_line_tracking:/opt/ros/jazzy GZ_SIM_RESOURCE_PATH=/home/developer/ros2_ws/src/line_tracking_race/install/line_tracking_race_gazebo/share/line_tracking_race_gazebo/worlds:/home/developer/ros2_ws/src/line_tracking_race/install/line_tracking_race_description/share/line_tracking_race_description/models:${GZ_SIM_RESOURCE_PATH} /usr/bin/cmake --build /home/developer/ros2_ws/src/line_tracking_race/build/line_tracking_race_bringup -- -j22 -l22
[3.018s] DEBUG:colcon.colcon_core.event_handler.log_command:Invoked command in '/home/developer/ros2_ws/src/line_tracking_race/build/line_tracking_race_bringup' returned '0': AMENT_PREFIX_PATH=/home/developer/ros2_ws/src/line_tracking_race/install/line_tracking_race_gazebo:/home/developer/ros2_ws/src/line_tracking_race/install/line_tracking_race_description:${AMENT_PREFIX_PATH} CMAKE_PREFIX_PATH=/home/developer/ros2_ws/src/line_tracking_race/install/line_tracking_race_gazebo:/home/developer/ros2_ws/src/line_tracking_race/install/line_tracking_race_description:/home/developer/ros2_ws/install/line_tracking_race_bringup:/home/developer/ros2_ws/install/line_tracking_race_gazebo:/home/developer/ros2_ws/install/line_tracking_race_description:/home/developer/ros2_ws/install/line_tracking_race_application:/opt/ros/jazzy/opt/gz_sim_vendor:/opt/ros/jazzy/opt/gz_sensors_vendor:/opt/ros/jazzy/opt/gz_physics_vendor:/opt/ros/jazzy/opt/sdformat_vendor:/opt/ros/jazzy/opt/gz_gui_vendor:/opt/ros/jazzy/opt/gz_transport_vendor:/opt/ros/jazzy/opt/gz_rendering_vendor:/opt/ros/jazzy/opt/gz_plugin_vendor:/opt/ros/jazzy/opt/gz_fuel_tools_vendor:/opt/ros/jazzy/opt/gz_msgs_vendor:/opt/ros/jazzy/opt/gz_common_vendor:/opt/ros/jazzy/opt/gz_math_vendor:/opt/ros/jazzy/opt/gz_utils_vendor:/opt/ros/jazzy/opt/gz_tools_vendor:/opt/ros/jazzy/opt/gz_ogre_next_vendor:/opt/ros/jazzy/opt/gz_dartsim_vendor:/opt/ros/jazzy/opt/gz_cmake_vendor:/home/developer/ros2_ws/install/dapozzo_line_tracking:/opt/ros/jazzy GZ_SIM_RESOURCE_PATH=/home/developer/ros2_ws/src/line_tracking_race/install/line_tracking_race_gazebo/share/line_tracking_race_gazebo/worlds:/home/developer/ros2_ws/src/line_tracking_race/install/line_tracking_race_description/share/line_tracking_race_description/models:${GZ_SIM_RESOURCE_PATH} /usr/bin/cmake --build /home/developer/ros2_ws/src/line_tracking_race/build/line_tracking_race_bringup -- -j22 -l22
[3.019s] DEBUG:colcon.colcon_core.event_handler.log_command:Invoking command in '/home/developer/ros2_ws/src/line_tracking_race/build/line_tracking_race_bringup': AMENT_PREFIX_PATH=/home/developer/ros2_ws/src/line_tracking_race/install/line_tracking_race_gazebo:/home/developer/ros2_ws/src/line_tracking_race/install/line_tracking_race_description:${AMENT_PREFIX_PATH} CMAKE_PREFIX_PATH=/home/developer/ros2_ws/src/line_tracking_race/install/line_tracking_race_gazebo:/home/developer/ros2_ws/src/line_tracking_race/install/line_tracking_race_description:/home/developer/ros2_ws/install/line_tracking_race_bringup:/home/developer/ros2_ws/install/line_tracking_race_gazebo:/home/developer/ros2_ws/install/line_tracking_race_description:/home/developer/ros2_ws/install/line_tracking_race_application:/opt/ros/jazzy/opt/gz_sim_vendor:/opt/ros/jazzy/opt/gz_sensors_vendor:/opt/ros/jazzy/opt/gz_physics_vendor:/opt/ros/jazzy/opt/sdformat_vendor:/opt/ros/jazzy/opt/gz_gui_vendor:/opt/ros/jazzy/opt/gz_transport_vendor:/opt/ros/jazzy/opt/gz_rendering_vendor:/opt/ros/jazzy/opt/gz_plugin_vendor:/opt/ros/jazzy/opt/gz_fuel_tools_vendor:/opt/ros/jazzy/opt/gz_msgs_vendor:/opt/ros/jazzy/opt/gz_common_vendor:/opt/ros/jazzy/opt/gz_math_vendor:/opt/ros/jazzy/opt/gz_utils_vendor:/opt/ros/jazzy/opt/gz_tools_vendor:/opt/ros/jazzy/opt/gz_ogre_next_vendor:/opt/ros/jazzy/opt/gz_dartsim_vendor:/opt/ros/jazzy/opt/gz_cmake_vendor:/home/developer/ros2_ws/install/dapozzo_line_tracking:/opt/ros/jazzy GZ_SIM_RESOURCE_PATH=/home/developer/ros2_ws/src/line_tracking_race/install/line_tracking_race_gazebo/share/line_tracking_race_gazebo/worlds:/home/developer/ros2_ws/src/line_tracking_race/install/line_tracking_race_description/share/line_tracking_race_description/models:${GZ_SIM_RESOURCE_PATH} /usr/bin/cmake --install /home/developer/ros2_ws/src/line_tracking_race/build/line_tracking_race_bringup
[3.029s] Level 1:colcon.colcon_core.environment:create_environment_scripts_only(line_tracking_race_bringup)
[3.030s] DEBUG:colcon.colcon_core.event_handler.log_command:Invoked command in '/home/developer/ros2_ws/src/line_tracking_race/build/line_tracking_race_bringup' returned '0': AMENT_PREFIX_PATH=/home/developer/ros2_ws/src/line_tracking_race/install/line_tracking_race_gazebo:/home/developer/ros2_ws/src/line_tracking_race/install/line_tracking_race_description:${AMENT_PREFIX_PATH} CMAKE_PREFIX_PATH=/home/developer/ros2_ws/src/line_tracking_race/install/line_tracking_race_gazebo:/home/developer/ros2_ws/src/line_tracking_race/install/line_tracking_race_description:/home/developer/ros2_ws/install/line_tracking_race_bringup:/home/developer/ros2_ws/install/line_tracking_race_gazebo:/home/developer/ros2_ws/install/line_tracking_race_description:/home/developer/ros2_ws/install/line_tracking_race_application:/opt/ros/jazzy/opt/gz_sim_vendor:/opt/ros/jazzy/opt/gz_sensors_vendor:/opt/ros/jazzy/opt/gz_physics_vendor:/opt/ros/jazzy/opt/sdformat_vendor:/opt/ros/jazzy/opt/gz_gui_vendor:/opt/ros/jazzy/opt/gz_transport_vendor:/opt/ros/jazzy/opt/gz_rendering_vendor:/opt/ros/jazzy/opt/gz_plugin_vendor:/opt/ros/jazzy/opt/gz_fuel_tools_vendor:/opt/ros/jazzy/opt/gz_msgs_vendor:/opt/ros/jazzy/opt/gz_common_vendor:/opt/ros/jazzy/opt/gz_math_vendor:/opt/ros/jazzy/opt/gz_utils_vendor:/opt/ros/jazzy/opt/gz_tools_vendor:/opt/ros/jazzy/opt/gz_ogre_next_vendor:/opt/ros/jazzy/opt/gz_dartsim_vendor:/opt/ros/jazzy/opt/gz_cmake_vendor:/home/developer/ros2_ws/install/dapozzo_line_tracking:/opt/ros/jazzy GZ_SIM_RESOURCE_PATH=/home/developer/ros2_ws/src/line_tracking_race/install/line_tracking_race_gazebo/share/line_tracking_race_gazebo/worlds:/home/developer/ros2_ws/src/line_tracking_race/install/line_tracking_race_description/share/line_tracking_race_description/models:${GZ_SIM_RESOURCE_PATH} /usr/bin/cmake --install /home/developer/ros2_ws/src/line_tracking_race/build/line_tracking_race_bringup
[3.030s] Level 1:colcon.colcon_core.environment:checking '/home/developer/ros2_ws/src/line_tracking_race/install/line_tracking_race_bringup' for CMake module files
[3.030s] Level 1:colcon.colcon_core.environment:checking '/home/developer/ros2_ws/src/line_tracking_race/install/line_tracking_race_bringup' for CMake config files
[3.030s] Level 1:colcon.colcon_core.shell:create_environment_hook('line_tracking_race_bringup', 'cmake_prefix_path')
[3.030s] INFO:colcon.colcon_core.shell:Creating environment hook '/home/developer/ros2_ws/src/line_tracking_race/install/line_tracking_race_bringup/share/line_tracking_race_bringup/hook/cmake_prefix_path.ps1'
[3.030s] INFO:colcon.colcon_core.shell:Creating environment descriptor '/home/developer/ros2_ws/src/line_tracking_race/install/line_tracking_race_bringup/share/line_tracking_race_bringup/hook/cmake_prefix_path.dsv'
[3.031s] INFO:colcon.colcon_core.shell:Creating environment hook '/home/developer/ros2_ws/src/line_tracking_race/install/line_tracking_race_bringup/share/line_tracking_race_bringup/hook/cmake_prefix_path.sh'
[3.031s] Level 1:colcon.colcon_core.environment:checking '/home/developer/ros2_ws/src/line_tracking_race/install/line_tracking_race_bringup/bin'
[3.031s] Level 1:colcon.colcon_core.environment:checking '/home/developer/ros2_ws/src/line_tracking_race/install/line_tracking_race_bringup/lib/pkgconfig/line_tracking_race_bringup.pc'
[3.031s] Level 1:colcon.colcon_core.environment:checking '/home/developer/ros2_ws/src/line_tracking_race/install/line_tracking_race_bringup/lib/python3.12/site-packages'
[3.031s] Level 1:colcon.colcon_core.environment:checking '/home/developer/ros2_ws/src/line_tracking_race/install/line_tracking_race_bringup/bin'
[3.031s] INFO:colcon.colcon_core.shell:Creating package script '/home/developer/ros2_ws/src/line_tracking_race/install/line_tracking_race_bringup/share/line_tracking_race_bringup/package.ps1'
[3.032s] INFO:colcon.colcon_core.shell:Creating package descriptor '/home/developer/ros2_ws/src/line_tracking_race/install/line_tracking_race_bringup/share/line_tracking_race_bringup/package.dsv'
[3.032s] INFO:colcon.colcon_core.shell:Creating package script '/home/developer/ros2_ws/src/line_tracking_race/install/line_tracking_race_bringup/share/line_tracking_race_bringup/package.sh'
[3.032s] INFO:colcon.colcon_core.shell:Creating package script '/home/developer/ros2_ws/src/line_tracking_race/install/line_tracking_race_bringup/share/line_tracking_race_bringup/package.bash'
[3.032s] INFO:colcon.colcon_core.shell:Creating package script '/home/developer/ros2_ws/src/line_tracking_race/install/line_tracking_race_bringup/share/line_tracking_race_bringup/package.zsh'
[3.032s] Level 1:colcon.colcon_core.environment:create_file_with_runtime_dependencies(/home/developer/ros2_ws/src/line_tracking_race/install/line_tracking_race_bringup/share/colcon-core/packages/line_tracking_race_bringup)
[3.033s] Level 1:colcon.colcon_core.environment:create_environment_scripts_only(line_tracking_race_bringup)
[3.033s] Level 1:colcon.colcon_core.environment:checking '/home/developer/ros2_ws/src/line_tracking_race/install/line_tracking_race_bringup' for CMake module files
[3.033s] Level 1:colcon.colcon_core.environment:checking '/home/developer/ros2_ws/src/line_tracking_race/install/line_tracking_race_bringup' for CMake config files
[3.033s] Level 1:colcon.colcon_core.shell:create_environment_hook('line_tracking_race_bringup', 'cmake_prefix_path')
[3.033s] INFO:colcon.colcon_core.shell:Creating environment hook '/home/developer/ros2_ws/src/line_tracking_race/install/line_tracking_race_bringup/share/line_tracking_race_bringup/hook/cmake_prefix_path.ps1'
[3.033s] INFO:colcon.colcon_core.shell:Creating environment descriptor '/home/developer/ros2_ws/src/line_tracking_race/install/line_tracking_race_bringup/share/line_tracking_race_bringup/hook/cmake_prefix_path.dsv'
[3.033s] INFO:colcon.colcon_core.shell:Creating environment hook '/home/developer/ros2_ws/src/line_tracking_race/install/line_tracking_race_bringup/share/line_tracking_race_bringup/hook/cmake_prefix_path.sh'
[3.034s] Level 1:colcon.colcon_core.environment:checking '/home/developer/ros2_ws/src/line_tracking_race/install/line_tracking_race_bringup/bin'
[3.034s] Level 1:colcon.colcon_core.environment:checking '/home/developer/ros2_ws/src/line_tracking_race/install/line_tracking_race_bringup/lib/pkgconfig/line_tracking_race_bringup.pc'
[3.034s] Level 1:colcon.colcon_core.environment:checking '/home/developer/ros2_ws/src/line_tracking_race/install/line_tracking_race_bringup/lib/python3.12/site-packages'
[3.034s] Level 1:colcon.colcon_core.environment:checking '/home/developer/ros2_ws/src/line_tracking_race/install/line_tracking_race_bringup/bin'
[3.034s] INFO:colcon.colcon_core.shell:Creating package script '/home/developer/ros2_ws/src/line_tracking_race/install/line_tracking_race_bringup/share/line_tracking_race_bringup/package.ps1'
[3.034s] INFO:colcon.colcon_core.shell:Creating package descriptor '/home/developer/ros2_ws/src/line_tracking_race/install/line_tracking_race_bringup/share/line_tracking_race_bringup/package.dsv'
[3.034s] INFO:colcon.colcon_core.shell:Creating package script '/home/developer/ros2_ws/src/line_tracking_race/install/line_tracking_race_bringup/share/line_tracking_race_bringup/package.sh'
[3.035s] INFO:colcon.colcon_core.shell:Creating package script '/home/developer/ros2_ws/src/line_tracking_race/install/line_tracking_race_bringup/share/line_tracking_race_bringup/package.bash'
[3.035s] INFO:colcon.colcon_core.shell:Creating package script '/home/developer/ros2_ws/src/line_tracking_race/install/line_tracking_race_bringup/share/line_tracking_race_bringup/package.zsh'
[3.035s] Level 1:colcon.colcon_core.environment:create_file_with_runtime_dependencies(/home/developer/ros2_ws/src/line_tracking_race/install/line_tracking_race_bringup/share/colcon-core/packages/line_tracking_race_bringup)
[3.035s] DEBUG:colcon.colcon_parallel_executor.executor.parallel:closing loop
[3.035s] DEBUG:colcon.colcon_parallel_executor.executor.parallel:loop closed
[3.035s] DEBUG:colcon.colcon_parallel_executor.executor.parallel:run_until_complete finished with '0'
[3.035s] DEBUG:colcon.colcon_core.event_reactor:joining thread
[3.040s] INFO:colcon.colcon_core.plugin_system:Skipping extension 'colcon_notification.desktop_notification.notify_send': Could not find 'notify-send'
[3.040s] INFO:colcon.colcon_core.plugin_system:Skipping extension 'colcon_notification.desktop_notification.terminal_notifier': Not used on non-Darwin systems
[3.040s] INFO:colcon.colcon_core.plugin_system:Skipping extension 'colcon_notification.desktop_notification.win32': Not used on non-Windows systems
[3.040s] INFO:colcon.colcon_notification.desktop_notification:Sending desktop notification using 'notify2'
[3.041s] DEBUG:colcon.colcon_notification.desktop_notification.notify2:Failed to initialize notify2: org.freedesktop.DBus.Error.Spawn.ExecFailed: /usr/bin/dbus-launch terminated abnormally without any error message
[3.042s] DEBUG:colcon.colcon_core.event_reactor:joined thread
[3.042s] INFO:colcon.colcon_core.shell:Creating prefix script '/home/developer/ros2_ws/src/line_tracking_race/install/local_setup.ps1'
[3.042s] INFO:colcon.colcon_core.shell:Creating prefix util module '/home/developer/ros2_ws/src/line_tracking_race/install/_local_setup_util_ps1.py'
[3.043s] INFO:colcon.colcon_core.shell:Creating prefix chain script '/home/developer/ros2_ws/src/line_tracking_race/install/setup.ps1'
[3.044s] INFO:colcon.colcon_core.shell:Creating prefix script '/home/developer/ros2_ws/src/line_tracking_race/install/local_setup.sh'
[3.044s] INFO:colcon.colcon_core.shell:Creating prefix util module '/home/developer/ros2_ws/src/line_tracking_race/install/_local_setup_util_sh.py'
[3.044s] INFO:colcon.colcon_core.shell:Creating prefix chain script '/home/developer/ros2_ws/src/line_tracking_race/install/setup.sh'
[3.045s] INFO:colcon.colcon_core.shell:Creating prefix script '/home/developer/ros2_ws/src/line_tracking_race/install/local_setup.bash'
[3.045s] INFO:colcon.colcon_core.shell:Creating prefix chain script '/home/developer/ros2_ws/src/line_tracking_race/install/setup.bash'
[3.046s] INFO:colcon.colcon_core.shell:Creating prefix script '/home/developer/ros2_ws/src/line_tracking_race/install/local_setup.zsh'
[3.046s] INFO:colcon.colcon_core.shell:Creating prefix chain script '/home/developer/ros2_ws/src/line_tracking_race/install/setup.zsh'
